CRITICAL - 2026-02-03 03:01:33 --> Error: Call to undefined method CodeIgniter\Pager\Pager::hasPrevious()
[Method: GET, Route: radacct]
in APPPATH\Views\radacct\index.php on line 91.
 1 SYSTEMPATH\View\View.php(226): include()
 2 SYSTEMPATH\View\View.php(229): CodeIgniter\View\View->CodeIgniter\View\{closure}()
 3 SYSTEMPATH\Common.php(1199): CodeIgniter\View\View->render('radacct/index', [], true)
 4 APPPATH\Controllers\RadacctController.php(38): view('radacct/index', [...])
 5 SYSTEMPATH\CodeIgniter.php(933): App\Controllers\RadacctController->index()
 6 SYSTEMPATH\CodeIgniter.php(507): CodeIgniter\CodeIgniter->runController(Object(App\Controllers\RadacctController))
 7 SYSTEMPATH\CodeIgniter.php(354): CodeIgniter\CodeIgniter->handleRequest(null, Object(Config\Cache), false)
 8 SYSTEMPATH\Boot.php(363): CodeIgniter\CodeIgniter->run()
 9 SYSTEMPATH\Boot.php(68): CodeIgniter\Boot::runCodeIgniter(Object(CodeIgniter\CodeIgniter))
10 FCPATH\index.php(59): CodeIgniter\Boot::bootWeb(Object(Config\Paths))
CRITICAL - 2026-02-03 03:01:38 --> Error: Call to undefined method CodeIgniter\Pager\Pager::hasPrevious()
[Method: GET, Route: radacct]
in APPPATH\Views\radacct\index.php on line 91.
 1 SYSTEMPATH\View\View.php(226): include()
 2 SYSTEMPATH\View\View.php(229): CodeIgniter\View\View->CodeIgniter\View\{closure}()
 3 SYSTEMPATH\Common.php(1199): CodeIgniter\View\View->render('radacct/index', [], true)
 4 APPPATH\Controllers\RadacctController.php(38): view('radacct/index', [...])
 5 SYSTEMPATH\CodeIgniter.php(933): App\Controllers\RadacctController->index()
 6 SYSTEMPATH\CodeIgniter.php(507): CodeIgniter\CodeIgniter->runController(Object(App\Controllers\RadacctController))
 7 SYSTEMPATH\CodeIgniter.php(354): CodeIgniter\CodeIgniter->handleRequest(null, Object(Config\Cache), false)
 8 SYSTEMPATH\Boot.php(363): CodeIgniter\CodeIgniter->run()
 9 SYSTEMPATH\Boot.php(68): CodeIgniter\Boot::runCodeIgniter(Object(CodeIgniter\CodeIgniter))
10 FCPATH\index.php(59): CodeIgniter\Boot::bootWeb(Object(Config\Paths))
CRITICAL - 2026-02-03 03:01:49 --> Error: Call to undefined method CodeIgniter\Pager\Pager::hasPrevious()
[Method: GET, Route: radacct]
in APPPATH\Views\radacct\index.php on line 91.
 1 SYSTEMPATH\View\View.php(226): include()
 2 SYSTEMPATH\View\View.php(229): CodeIgniter\View\View->CodeIgniter\View\{closure}()
 3 SYSTEMPATH\Common.php(1199): CodeIgniter\View\View->render('radacct/index', [], true)
 4 APPPATH\Controllers\RadacctController.php(38): view('radacct/index', [...])
 5 SYSTEMPATH\CodeIgniter.php(933): App\Controllers\RadacctController->index()
 6 SYSTEMPATH\CodeIgniter.php(507): CodeIgniter\CodeIgniter->runController(Object(App\Controllers\RadacctController))
 7 SYSTEMPATH\CodeIgniter.php(354): CodeIgniter\CodeIgniter->handleRequest(null, Object(Config\Cache), false)
 8 SYSTEMPATH\Boot.php(363): CodeIgniter\CodeIgniter->run()
 9 SYSTEMPATH\Boot.php(68): CodeIgniter\Boot::runCodeIgniter(Object(CodeIgniter\CodeIgniter))
10 FCPATH\index.php(59): CodeIgniter\Boot::bootWeb(Object(Config\Paths))
CRITICAL - 2026-02-03 05:29:16 --> CodeIgniter\View\Exceptions\ViewException: Invalid file: "partials/heade.php"
[Method: GET, Route: nas]
in SYSTEMPATH\Exceptions\FrameworkException.php on line 39.
 1 SYSTEMPATH\View\View.php(214): CodeIgniter\Exceptions\FrameworkException::forInvalidFile('partials/heade.php')
 2 SYSTEMPATH\Common.php(1199): CodeIgniter\View\View->render('partials/heade', [], true)
 3 APPPATH\Views\nas\index.php(17): view('partials/heade', [...])
 4 SYSTEMPATH\View\View.php(226): include('C:\\xampp\\htdocs\\radius\\app\\Views\\nas\\index.php')
 5 SYSTEMPATH\View\View.php(229): CodeIgniter\View\View->CodeIgniter\View\{closure}()
 6 SYSTEMPATH\Common.php(1199): CodeIgniter\View\View->render('nas/index', [], true)
 7 APPPATH\Controllers\NasController.php(53): view('nas/index', [...])
 8 SYSTEMPATH\CodeIgniter.php(933): App\Controllers\NasController->index()
 9 SYSTEMPATH\CodeIgniter.php(507): CodeIgniter\CodeIgniter->runController(Object(App\Controllers\NasController))
10 SYSTEMPATH\CodeIgniter.php(354): CodeIgniter\CodeIgniter->handleRequest(null, Object(Config\Cache), false)
11 SYSTEMPATH\Boot.php(363): CodeIgniter\CodeIgniter->run()
12 SYSTEMPATH\Boot.php(68): CodeIgniter\Boot::runCodeIgniter(Object(CodeIgniter\CodeIgniter))
13 FCPATH\index.php(59): CodeIgniter\Boot::bootWeb(Object(Config\Paths))
