CRITICAL - 2026-02-10 14:14:42 --> CodeIgniter\Validation\Exceptions\ValidationException: "allow_empty" is not a valid rule.
[Method: POST, Route: settings/save-category]
in SYSTEMPATH\Validation\Validation.php on line 345.
 1 SYSTEMPATH\Validation\Validation.php(345): CodeIgniter\Validation\Exceptions\ValidationException::forRuleNotFound('allow_empty')
 2 SYSTEMPATH\Validation\Validation.php(201): CodeIgniter\Validation\Validation->processRules('description', 'description', 'CPU', [...], [...], 'description')
 3 SYSTEMPATH\BaseModel.php(1543): CodeIgniter\Validation\Validation->run([...], null, null)
 4 SYSTEMPATH\BaseModel.php(807): CodeIgniter\BaseModel->validate([...])
 5 SYSTEMPATH\Model.php(797): CodeIgniter\BaseModel->insert([...], true)
 6 APPPATH\Controllers\SettingsController.php(68): CodeIgniter\Model->insert([...])
 7 SYSTEMPATH\CodeIgniter.php(933): App\Controllers\SettingsController->saveCategory()
 8 SYSTEMPATH\CodeIgniter.php(507): CodeIgniter\CodeIgniter->runController(Object(App\Controllers\SettingsController))
 9 SYSTEMPATH\CodeIgniter.php(354): CodeIgniter\CodeIgniter->handleRequest(null, Object(Config\Cache), false)
10 SYSTEMPATH\Boot.php(363): CodeIgniter\CodeIgniter->run()
11 SYSTEMPATH\Boot.php(68): CodeIgniter\Boot::runCodeIgniter(Object(CodeIgniter\CodeIgniter))
12 FCPATH\index.php(59): CodeIgniter\Boot::bootWeb(Object(Config\Paths))
CRITICAL - 2026-02-10 14:15:27 --> CodeIgniter\Validation\Exceptions\ValidationException: "allow_empty" is not a valid rule.
[Method: POST, Route: settings/save-category]
in SYSTEMPATH\Validation\Validation.php on line 345.
 1 SYSTEMPATH\Validation\Validation.php(345): CodeIgniter\Validation\Exceptions\ValidationException::forRuleNotFound('allow_empty')
 2 SYSTEMPATH\Validation\Validation.php(201): CodeIgniter\Validation\Validation->processRules('description', 'description', 'CPU', [...], [...], 'description')
 3 SYSTEMPATH\BaseModel.php(1543): CodeIgniter\Validation\Validation->run([...], null, null)
 4 SYSTEMPATH\BaseModel.php(807): CodeIgniter\BaseModel->validate([...])
 5 SYSTEMPATH\Model.php(797): CodeIgniter\BaseModel->insert([...], true)
 6 APPPATH\Controllers\SettingsController.php(68): CodeIgniter\Model->insert([...])
 7 SYSTEMPATH\CodeIgniter.php(933): App\Controllers\SettingsController->saveCategory()
 8 SYSTEMPATH\CodeIgniter.php(507): CodeIgniter\CodeIgniter->runController(Object(App\Controllers\SettingsController))
 9 SYSTEMPATH\CodeIgniter.php(354): CodeIgniter\CodeIgniter->handleRequest(null, Object(Config\Cache), false)
10 SYSTEMPATH\Boot.php(363): CodeIgniter\CodeIgniter->run()
11 SYSTEMPATH\Boot.php(68): CodeIgniter\Boot::runCodeIgniter(Object(CodeIgniter\CodeIgniter))
12 FCPATH\index.php(59): CodeIgniter\Boot::bootWeb(Object(Config\Paths))
CRITICAL - 2026-02-10 14:17:20 --> CodeIgniter\Exceptions\LogicException: No validation rules for the placeholder: "id". You must set the validation rules for the field. See <https://codeigniter4.github.io/userguide/libraries/validation.html#validation-placeholders>.
[Method: POST, Route: settings/save-category]
in SYSTEMPATH\Validation\Validation.php on line 803.
 1 SYSTEMPATH\Validation\Validation.php(155): CodeIgniter\Validation\Validation->fillPlaceholders([...], [...])
 2 SYSTEMPATH\BaseModel.php(1543): CodeIgniter\Validation\Validation->run([...], null, null)
 3 SYSTEMPATH\BaseModel.php(982): CodeIgniter\BaseModel->validate([...])
 4 SYSTEMPATH\Model.php(860): CodeIgniter\BaseModel->update([...], [...])
 5 APPPATH\Controllers\SettingsController.php(62): CodeIgniter\Model->update('7', [...])
 6 SYSTEMPATH\CodeIgniter.php(933): App\Controllers\SettingsController->saveCategory()
 7 SYSTEMPATH\CodeIgniter.php(507): CodeIgniter\CodeIgniter->runController(Object(App\Controllers\SettingsController))
 8 SYSTEMPATH\CodeIgniter.php(354): CodeIgniter\CodeIgniter->handleRequest(null, Object(Config\Cache), false)
 9 SYSTEMPATH\Boot.php(363): CodeIgniter\CodeIgniter->run()
10 SYSTEMPATH\Boot.php(68): CodeIgniter\Boot::runCodeIgniter(Object(CodeIgniter\CodeIgniter))
11 FCPATH\index.php(59): CodeIgniter\Boot::bootWeb(Object(Config\Paths))
CRITICAL - 2026-02-10 14:17:30 --> CodeIgniter\Exceptions\LogicException: No validation rules for the placeholder: "id". You must set the validation rules for the field. See <https://codeigniter4.github.io/userguide/libraries/validation.html#validation-placeholders>.
[Method: POST, Route: settings/save-category]
in SYSTEMPATH\Validation\Validation.php on line 803.
 1 SYSTEMPATH\Validation\Validation.php(155): CodeIgniter\Validation\Validation->fillPlaceholders([...], [...])
 2 SYSTEMPATH\BaseModel.php(1543): CodeIgniter\Validation\Validation->run([...], null, null)
 3 SYSTEMPATH\BaseModel.php(982): CodeIgniter\BaseModel->validate([...])
 4 SYSTEMPATH\Model.php(860): CodeIgniter\BaseModel->update([...], [...])
 5 APPPATH\Controllers\SettingsController.php(62): CodeIgniter\Model->update('7', [...])
 6 SYSTEMPATH\CodeIgniter.php(933): App\Controllers\SettingsController->saveCategory()
 7 SYSTEMPATH\CodeIgniter.php(507): CodeIgniter\CodeIgniter->runController(Object(App\Controllers\SettingsController))
 8 SYSTEMPATH\CodeIgniter.php(354): CodeIgniter\CodeIgniter->handleRequest(null, Object(Config\Cache), false)
 9 SYSTEMPATH\Boot.php(363): CodeIgniter\CodeIgniter->run()
10 SYSTEMPATH\Boot.php(68): CodeIgniter\Boot::runCodeIgniter(Object(CodeIgniter\CodeIgniter))
11 FCPATH\index.php(59): CodeIgniter\Boot::bootWeb(Object(Config\Paths))
CRITICAL - 2026-02-10 14:18:37 --> CodeIgniter\Exceptions\LogicException: No validation rules for the placeholder: "id". You must set the validation rules for the field. See <https://codeigniter4.github.io/userguide/libraries/validation.html#validation-placeholders>.
[Method: POST, Route: settings/save-category]
in SYSTEMPATH\Validation\Validation.php on line 803.
 1 SYSTEMPATH\Validation\Validation.php(155): CodeIgniter\Validation\Validation->fillPlaceholders([...], [...])
 2 SYSTEMPATH\BaseModel.php(1543): CodeIgniter\Validation\Validation->run([...], null, null)
 3 SYSTEMPATH\BaseModel.php(982): CodeIgniter\BaseModel->validate([...])
 4 SYSTEMPATH\Model.php(860): CodeIgniter\BaseModel->update([...], [...])
 5 APPPATH\Controllers\SettingsController.php(62): CodeIgniter\Model->update('7', [...])
 6 SYSTEMPATH\CodeIgniter.php(933): App\Controllers\SettingsController->saveCategory()
 7 SYSTEMPATH\CodeIgniter.php(507): CodeIgniter\CodeIgniter->runController(Object(App\Controllers\SettingsController))
 8 SYSTEMPATH\CodeIgniter.php(354): CodeIgniter\CodeIgniter->handleRequest(null, Object(Config\Cache), false)
 9 SYSTEMPATH\Boot.php(363): CodeIgniter\CodeIgniter->run()
10 SYSTEMPATH\Boot.php(68): CodeIgniter\Boot::runCodeIgniter(Object(CodeIgniter\CodeIgniter))
11 FCPATH\index.php(59): CodeIgniter\Boot::bootWeb(Object(Config\Paths))
CRITICAL - 2026-02-10 14:47:06 --> ErrorException: Undefined array key "last_maintenance_date"
[Method: GET, Route: peripherals/details/8]
in APPPATH\Views\peripherals\details.php on line 99.
 1 APPPATH\Views\peripherals\details.php(99): CodeIgniter\Debug\Exceptions->errorHandler(2, 'Undefined array key "last_maintenance_date"', 'C:\\xampp\\htdocs\\IM\\app\\Views\\peripherals\\details.php', 99)
 2 SYSTEMPATH\View\View.php(226): include('C:\\xampp\\htdocs\\IM\\app\\Views\\peripherals\\details.php')
 3 SYSTEMPATH\View\View.php(229): CodeIgniter\View\View->CodeIgniter\View\{closure}()
 4 SYSTEMPATH\Common.php(1199): CodeIgniter\View\View->render('peripherals/details', [], true)
 5 APPPATH\Controllers\PeripheralController.php(302): view('peripherals/details', [...])
 6 SYSTEMPATH\CodeIgniter.php(933): App\Controllers\PeripheralController->details('8')
 7 SYSTEMPATH\CodeIgniter.php(507): CodeIgniter\CodeIgniter->runController(Object(App\Controllers\PeripheralController))
 8 SYSTEMPATH\CodeIgniter.php(354): CodeIgniter\CodeIgniter->handleRequest(null, Object(Config\Cache), false)
 9 SYSTEMPATH\Boot.php(363): CodeIgniter\CodeIgniter->run()
10 SYSTEMPATH\Boot.php(68): CodeIgniter\Boot::runCodeIgniter(Object(CodeIgniter\CodeIgniter))
11 FCPATH\index.php(59): CodeIgniter\Boot::bootWeb(Object(Config\Paths))
ERROR - 2026-02-10 15:16:56 --> mysqli_sql_exception: Duplicate entry '' for key 'asset_tag' in C:\xampp\htdocs\IM\system\Database\MySQLi\Connection.php:327
Stack trace:
#0 C:\xampp\htdocs\IM\system\Database\MySQLi\Connection.php(327): mysqli->query('INSERT INTO `pe...', 0)
#1 C:\xampp\htdocs\IM\system\Database\BaseConnection.php(729): CodeIgniter\Database\MySQLi\Connection->execute('INSERT INTO `pe...')
#2 C:\xampp\htdocs\IM\system\Database\BaseConnection.php(646): CodeIgniter\Database\BaseConnection->simpleQuery('INSERT INTO `pe...')
#3 C:\xampp\htdocs\IM\system\Database\BaseBuilder.php(2345): CodeIgniter\Database\BaseConnection->query('INSERT INTO `pe...', Array, false)
#4 C:\xampp\htdocs\IM\system\Model.php(394): CodeIgniter\Database\BaseBuilder->insert()
#5 C:\xampp\htdocs\IM\system\BaseModel.php(838): CodeIgniter\Model->doInsert(Array)
#6 C:\xampp\htdocs\IM\system\Model.php(797): CodeIgniter\BaseModel->insert(Array, true)
#7 C:\xampp\htdocs\IM\app\Controllers\PeripheralController.php(169): CodeIgniter\Model->insert(Array)
#8 C:\xampp\htdocs\IM\system\CodeIgniter.php(933): App\Controllers\PeripheralController->store()
#9 C:\xampp\htdocs\IM\system\CodeIgniter.php(507): CodeIgniter\CodeIgniter->runController(Object(App\Controllers\PeripheralController))
#10 C:\xampp\htdocs\IM\system\CodeIgniter.php(354): CodeIgniter\CodeIgniter->handleRequest(NULL, Object(Config\Cache), false)
#11 C:\xampp\htdocs\IM\system\Boot.php(363): CodeIgniter\CodeIgniter->run()
#12 C:\xampp\htdocs\IM\system\Boot.php(68): CodeIgniter\Boot::runCodeIgniter(Object(CodeIgniter\CodeIgniter))
#13 C:\xampp\htdocs\IM\index.php(59): CodeIgniter\Boot::bootWeb(Object(Config\Paths))
#14 {main}
CRITICAL - 2026-02-10 15:16:57 --> CodeIgniter\Database\Exceptions\DatabaseException: Duplicate entry '' for key 'asset_tag'
[Method: POST, Route: peripherals/store]
in SYSTEMPATH\Database\BaseConnection.php on line 684.
 1 SYSTEMPATH\Database\BaseBuilder.php(2345): CodeIgniter\Database\BaseConnection->query('INSERT INTO `peripherals` (`peripheral_type_id`, `brand`, `model`, `model_number`, `serial_number`, `department_id`, `location_id`, `assigned_to_user_id`, `workstation_id`, `status`, `condition_status`, `criticality`, `purchase_date`, `purchase_cost`, `order_number`, `supplier`, `qty`, `requestable`, `byod`, `warranty_expiry`, `vendor`, `device_image`, `created_at`, `updated_at`) VALUES (:peripheral_type_id:, :brand:, :model:, :model_number:, :serial_number:, :department_id:, :location_id:, :assigned_to_user_id:, :workstation_id:, :status:, :condition_status:, :criticality:, :purchase_date:, :purchase_cost:, :order_number:, :supplier:, :qty:, :requestable:, :byod:, :warranty_expiry:, :vendor:, :device_image:, :created_at:, :updated_at:)', [...], false)
 2 SYSTEMPATH\Model.php(394): CodeIgniter\Database\BaseBuilder->insert()
 3 SYSTEMPATH\BaseModel.php(838): CodeIgniter\Model->doInsert([...])
 4 SYSTEMPATH\Model.php(797): CodeIgniter\BaseModel->insert([...], true)
 5 APPPATH\Controllers\PeripheralController.php(169): CodeIgniter\Model->insert([...])
 6 SYSTEMPATH\CodeIgniter.php(933): App\Controllers\PeripheralController->store()
 7 SYSTEMPATH\CodeIgniter.php(507): CodeIgniter\CodeIgniter->runController(Object(App\Controllers\PeripheralController))
 8 SYSTEMPATH\CodeIgniter.php(354): CodeIgniter\CodeIgniter->handleRequest(null, Object(Config\Cache), false)
 9 SYSTEMPATH\Boot.php(363): CodeIgniter\CodeIgniter->run()
10 SYSTEMPATH\Boot.php(68): CodeIgniter\Boot::runCodeIgniter(Object(CodeIgniter\CodeIgniter))
11 FCPATH\index.php(59): CodeIgniter\Boot::bootWeb(Object(Config\Paths))
CRITICAL - 2026-02-10 15:16:57 --> [Caused by] CodeIgniter\Database\Exceptions\DatabaseException: Duplicate entry '' for key 'asset_tag'
in SYSTEMPATH\Database\MySQLi\Connection.php on line 332.
 1 SYSTEMPATH\Database\BaseConnection.php(729): CodeIgniter\Database\MySQLi\Connection->execute('INSERT INTO `peripherals` (`peripheral_type_id`, `brand`, `model`, `model_number`, `serial_number`, `department_id`, `location_id`, `assigned_to_user_id`, `workstation_id`, `status`, `condition_status`, `criticality`, `purchase_date`, `purchase_cost`, `order_number`, `supplier`, `qty`, `requestable`, `byod`, `warranty_expiry`, `vendor`, `device_image`, `created_at`, `updated_at`) VALUES (\'9\', \'LENOVO\', \'lenovo mouse\', \'1234\', \'0987\', \'9\', \'6\', \'1\', \'1\', \'in_use\', \'new\', \'low\', \'2026-02-01\', \'400\', \'PO-2021-0002\', \'MOA_LENOVO\', \'1\', 1, 0, \'2026-02-28\', \'LENOVO\', \'1770707816_030dc72c8169631fe847.webp\', \'2026-02-10 15:16:56\', \'2026-02-10 15:16:56\')')
 2 SYSTEMPATH\Database\BaseConnection.php(646): CodeIgniter\Database\BaseConnection->simpleQuery('INSERT INTO `peripherals` (`peripheral_type_id`, `brand`, `model`, `model_number`, `serial_number`, `department_id`, `location_id`, `assigned_to_user_id`, `workstation_id`, `status`, `condition_status`, `criticality`, `purchase_date`, `purchase_cost`, `order_number`, `supplier`, `qty`, `requestable`, `byod`, `warranty_expiry`, `vendor`, `device_image`, `created_at`, `updated_at`) VALUES (\'9\', \'LENOVO\', \'lenovo mouse\', \'1234\', \'0987\', \'9\', \'6\', \'1\', \'1\', \'in_use\', \'new\', \'low\', \'2026-02-01\', \'400\', \'PO-2021-0002\', \'MOA_LENOVO\', \'1\', 1, 0, \'2026-02-28\', \'LENOVO\', \'1770707816_030dc72c8169631fe847.webp\', \'2026-02-10 15:16:56\', \'2026-02-10 15:16:56\')')
 3 SYSTEMPATH\Database\BaseBuilder.php(2345): CodeIgniter\Database\BaseConnection->query('INSERT INTO `peripherals` (`peripheral_type_id`, `brand`, `model`, `model_number`, `serial_number`, `department_id`, `location_id`, `assigned_to_user_id`, `workstation_id`, `status`, `condition_status`, `criticality`, `purchase_date`, `purchase_cost`, `order_number`, `supplier`, `qty`, `requestable`, `byod`, `warranty_expiry`, `vendor`, `device_image`, `created_at`, `updated_at`) VALUES (:peripheral_type_id:, :brand:, :model:, :model_number:, :serial_number:, :department_id:, :location_id:, :assigned_to_user_id:, :workstation_id:, :status:, :condition_status:, :criticality:, :purchase_date:, :purchase_cost:, :order_number:, :supplier:, :qty:, :requestable:, :byod:, :warranty_expiry:, :vendor:, :device_image:, :created_at:, :updated_at:)', [...], false)
 4 SYSTEMPATH\Model.php(394): CodeIgniter\Database\BaseBuilder->insert()
 5 SYSTEMPATH\BaseModel.php(838): CodeIgniter\Model->doInsert([...])
 6 SYSTEMPATH\Model.php(797): CodeIgniter\BaseModel->insert([...], true)
 7 APPPATH\Controllers\PeripheralController.php(169): CodeIgniter\Model->insert([...])
 8 SYSTEMPATH\CodeIgniter.php(933): App\Controllers\PeripheralController->store()
 9 SYSTEMPATH\CodeIgniter.php(507): CodeIgniter\CodeIgniter->runController(Object(App\Controllers\PeripheralController))
10 SYSTEMPATH\CodeIgniter.php(354): CodeIgniter\CodeIgniter->handleRequest(null, Object(Config\Cache), false)
11 SYSTEMPATH\Boot.php(363): CodeIgniter\CodeIgniter->run()
12 SYSTEMPATH\Boot.php(68): CodeIgniter\Boot::runCodeIgniter(Object(CodeIgniter\CodeIgniter))
13 FCPATH\index.php(59): CodeIgniter\Boot::bootWeb(Object(Config\Paths))
CRITICAL - 2026-02-10 15:16:57 --> [Caused by] mysqli_sql_exception: Duplicate entry '' for key 'asset_tag'
in SYSTEMPATH\Database\MySQLi\Connection.php on line 327.
 1 SYSTEMPATH\Database\MySQLi\Connection.php(327): mysqli->query('INSERT INTO `peripherals` (`peripheral_type_id`, `brand`, `model`, `model_number`, `serial_number`, `department_id`, `location_id`, `assigned_to_user_id`, `workstation_id`, `status`, `condition_status`, `criticality`, `purchase_date`, `purchase_cost`, `order_number`, `supplier`, `qty`, `requestable`, `byod`, `warranty_expiry`, `vendor`, `device_image`, `created_at`, `updated_at`) VALUES (\'9\', \'LENOVO\', \'lenovo mouse\', \'1234\', \'0987\', \'9\', \'6\', \'1\', \'1\', \'in_use\', \'new\', \'low\', \'2026-02-01\', \'400\', \'PO-2021-0002\', \'MOA_LENOVO\', \'1\', 1, 0, \'2026-02-28\', \'LENOVO\', \'1770707816_030dc72c8169631fe847.webp\', \'2026-02-10 15:16:56\', \'2026-02-10 15:16:56\')', 0)
 2 SYSTEMPATH\Database\BaseConnection.php(729): CodeIgniter\Database\MySQLi\Connection->execute('INSERT INTO `peripherals` (`peripheral_type_id`, `brand`, `model`, `model_number`, `serial_number`, `department_id`, `location_id`, `assigned_to_user_id`, `workstation_id`, `status`, `condition_status`, `criticality`, `purchase_date`, `purchase_cost`, `order_number`, `supplier`, `qty`, `requestable`, `byod`, `warranty_expiry`, `vendor`, `device_image`, `created_at`, `updated_at`) VALUES (\'9\', \'LENOVO\', \'lenovo mouse\', \'1234\', \'0987\', \'9\', \'6\', \'1\', \'1\', \'in_use\', \'new\', \'low\', \'2026-02-01\', \'400\', \'PO-2021-0002\', \'MOA_LENOVO\', \'1\', 1, 0, \'2026-02-28\', \'LENOVO\', \'1770707816_030dc72c8169631fe847.webp\', \'2026-02-10 15:16:56\', \'2026-02-10 15:16:56\')')
 3 SYSTEMPATH\Database\BaseConnection.php(646): CodeIgniter\Database\BaseConnection->simpleQuery('INSERT INTO `peripherals` (`peripheral_type_id`, `brand`, `model`, `model_number`, `serial_number`, `department_id`, `location_id`, `assigned_to_user_id`, `workstation_id`, `status`, `condition_status`, `criticality`, `purchase_date`, `purchase_cost`, `order_number`, `supplier`, `qty`, `requestable`, `byod`, `warranty_expiry`, `vendor`, `device_image`, `created_at`, `updated_at`) VALUES (\'9\', \'LENOVO\', \'lenovo mouse\', \'1234\', \'0987\', \'9\', \'6\', \'1\', \'1\', \'in_use\', \'new\', \'low\', \'2026-02-01\', \'400\', \'PO-2021-0002\', \'MOA_LENOVO\', \'1\', 1, 0, \'2026-02-28\', \'LENOVO\', \'1770707816_030dc72c8169631fe847.webp\', \'2026-02-10 15:16:56\', \'2026-02-10 15:16:56\')')
 4 SYSTEMPATH\Database\BaseBuilder.php(2345): CodeIgniter\Database\BaseConnection->query('INSERT INTO `peripherals` (`peripheral_type_id`, `brand`, `model`, `model_number`, `serial_number`, `department_id`, `location_id`, `assigned_to_user_id`, `workstation_id`, `status`, `condition_status`, `criticality`, `purchase_date`, `purchase_cost`, `order_number`, `supplier`, `qty`, `requestable`, `byod`, `warranty_expiry`, `vendor`, `device_image`, `created_at`, `updated_at`) VALUES (:peripheral_type_id:, :brand:, :model:, :model_number:, :serial_number:, :department_id:, :location_id:, :assigned_to_user_id:, :workstation_id:, :status:, :condition_status:, :criticality:, :purchase_date:, :purchase_cost:, :order_number:, :supplier:, :qty:, :requestable:, :byod:, :warranty_expiry:, :vendor:, :device_image:, :created_at:, :updated_at:)', [...], false)
 5 SYSTEMPATH\Model.php(394): CodeIgniter\Database\BaseBuilder->insert()
 6 SYSTEMPATH\BaseModel.php(838): CodeIgniter\Model->doInsert([...])
 7 SYSTEMPATH\Model.php(797): CodeIgniter\BaseModel->insert([...], true)
 8 APPPATH\Controllers\PeripheralController.php(169): CodeIgniter\Model->insert([...])
 9 SYSTEMPATH\CodeIgniter.php(933): App\Controllers\PeripheralController->store()
10 SYSTEMPATH\CodeIgniter.php(507): CodeIgniter\CodeIgniter->runController(Object(App\Controllers\PeripheralController))
11 SYSTEMPATH\CodeIgniter.php(354): CodeIgniter\CodeIgniter->handleRequest(null, Object(Config\Cache), false)
12 SYSTEMPATH\Boot.php(363): CodeIgniter\CodeIgniter->run()
13 SYSTEMPATH\Boot.php(68): CodeIgniter\Boot::runCodeIgniter(Object(CodeIgniter\CodeIgniter))
14 FCPATH\index.php(59): CodeIgniter\Boot::bootWeb(Object(Config\Paths))
ERROR - 2026-02-10 15:18:09 --> mysqli_sql_exception: Duplicate entry '' for key 'asset_tag' in C:\xampp\htdocs\IM\system\Database\MySQLi\Connection.php:327
Stack trace:
#0 C:\xampp\htdocs\IM\system\Database\MySQLi\Connection.php(327): mysqli->query('INSERT INTO `pe...', 0)
#1 C:\xampp\htdocs\IM\system\Database\BaseConnection.php(729): CodeIgniter\Database\MySQLi\Connection->execute('INSERT INTO `pe...')
#2 C:\xampp\htdocs\IM\system\Database\BaseConnection.php(646): CodeIgniter\Database\BaseConnection->simpleQuery('INSERT INTO `pe...')
#3 C:\xampp\htdocs\IM\system\Database\BaseBuilder.php(2345): CodeIgniter\Database\BaseConnection->query('INSERT INTO `pe...', Array, false)
#4 C:\xampp\htdocs\IM\system\Model.php(394): CodeIgniter\Database\BaseBuilder->insert()
#5 C:\xampp\htdocs\IM\system\BaseModel.php(838): CodeIgniter\Model->doInsert(Array)
#6 C:\xampp\htdocs\IM\system\Model.php(797): CodeIgniter\BaseModel->insert(Array, true)
#7 C:\xampp\htdocs\IM\app\Controllers\PeripheralController.php(170): CodeIgniter\Model->insert(Array)
#8 C:\xampp\htdocs\IM\system\CodeIgniter.php(933): App\Controllers\PeripheralController->store()
#9 C:\xampp\htdocs\IM\system\CodeIgniter.php(507): CodeIgniter\CodeIgniter->runController(Object(App\Controllers\PeripheralController))
#10 C:\xampp\htdocs\IM\system\CodeIgniter.php(354): CodeIgniter\CodeIgniter->handleRequest(NULL, Object(Config\Cache), false)
#11 C:\xampp\htdocs\IM\system\Boot.php(363): CodeIgniter\CodeIgniter->run()
#12 C:\xampp\htdocs\IM\system\Boot.php(68): CodeIgniter\Boot::runCodeIgniter(Object(CodeIgniter\CodeIgniter))
#13 C:\xampp\htdocs\IM\index.php(59): CodeIgniter\Boot::bootWeb(Object(Config\Paths))
#14 {main}
CRITICAL - 2026-02-10 15:18:09 --> CodeIgniter\Database\Exceptions\DatabaseException: Duplicate entry '' for key 'asset_tag'
[Method: POST, Route: peripherals/store]
in SYSTEMPATH\Database\BaseConnection.php on line 684.
 1 SYSTEMPATH\Database\BaseBuilder.php(2345): CodeIgniter\Database\BaseConnection->query('INSERT INTO `peripherals` (`asset_id`, `peripheral_type_id`, `brand`, `model`, `model_number`, `serial_number`, `department_id`, `location_id`, `assigned_to_user_id`, `workstation_id`, `status`, `condition_status`, `criticality`, `purchase_date`, `purchase_cost`, `order_number`, `supplier`, `qty`, `requestable`, `byod`, `warranty_expiry`, `vendor`, `device_image`, `created_at`, `updated_at`) VALUES (:asset_id:, :peripheral_type_id:, :brand:, :model:, :model_number:, :serial_number:, :department_id:, :location_id:, :assigned_to_user_id:, :workstation_id:, :status:, :condition_status:, :criticality:, :purchase_date:, :purchase_cost:, :order_number:, :supplier:, :qty:, :requestable:, :byod:, :warranty_expiry:, :vendor:, :device_image:, :created_at:, :updated_at:)', [...], false)
 2 SYSTEMPATH\Model.php(394): CodeIgniter\Database\BaseBuilder->insert()
 3 SYSTEMPATH\BaseModel.php(838): CodeIgniter\Model->doInsert([...])
 4 SYSTEMPATH\Model.php(797): CodeIgniter\BaseModel->insert([...], true)
 5 APPPATH\Controllers\PeripheralController.php(170): CodeIgniter\Model->insert([...])
 6 SYSTEMPATH\CodeIgniter.php(933): App\Controllers\PeripheralController->store()
 7 SYSTEMPATH\CodeIgniter.php(507): CodeIgniter\CodeIgniter->runController(Object(App\Controllers\PeripheralController))
 8 SYSTEMPATH\CodeIgniter.php(354): CodeIgniter\CodeIgniter->handleRequest(null, Object(Config\Cache), false)
 9 SYSTEMPATH\Boot.php(363): CodeIgniter\CodeIgniter->run()
10 SYSTEMPATH\Boot.php(68): CodeIgniter\Boot::runCodeIgniter(Object(CodeIgniter\CodeIgniter))
11 FCPATH\index.php(59): CodeIgniter\Boot::bootWeb(Object(Config\Paths))
CRITICAL - 2026-02-10 15:18:09 --> [Caused by] CodeIgniter\Database\Exceptions\DatabaseException: Duplicate entry '' for key 'asset_tag'
in SYSTEMPATH\Database\MySQLi\Connection.php on line 332.
 1 SYSTEMPATH\Database\BaseConnection.php(729): CodeIgniter\Database\MySQLi\Connection->execute('INSERT INTO `peripherals` (`asset_id`, `peripheral_type_id`, `brand`, `model`, `model_number`, `serial_number`, `department_id`, `location_id`, `assigned_to_user_id`, `workstation_id`, `status`, `condition_status`, `criticality`, `purchase_date`, `purchase_cost`, `order_number`, `supplier`, `qty`, `requestable`, `byod`, `warranty_expiry`, `vendor`, `device_image`, `created_at`, `updated_at`) VALUES (\'11\', \'9\', \'LENOVO\', \'lenovo mouse\', \'1234\', \'0987\', \'9\', \'6\', \'1\', \'1\', \'in_use\', \'new\', \'low\', \'2026-02-01\', \'400\', \'PO-2021-0002\', \'MOA_LENOVO\', \'1\', 1, 0, \'2026-02-28\', \'LENOVO\', \'1770707889_4417f3338cb2347bb6bd.webp\', \'2026-02-10 15:18:09\', \'2026-02-10 15:18:09\')')
 2 SYSTEMPATH\Database\BaseConnection.php(646): CodeIgniter\Database\BaseConnection->simpleQuery('INSERT INTO `peripherals` (`asset_id`, `peripheral_type_id`, `brand`, `model`, `model_number`, `serial_number`, `department_id`, `location_id`, `assigned_to_user_id`, `workstation_id`, `status`, `condition_status`, `criticality`, `purchase_date`, `purchase_cost`, `order_number`, `supplier`, `qty`, `requestable`, `byod`, `warranty_expiry`, `vendor`, `device_image`, `created_at`, `updated_at`) VALUES (\'11\', \'9\', \'LENOVO\', \'lenovo mouse\', \'1234\', \'0987\', \'9\', \'6\', \'1\', \'1\', \'in_use\', \'new\', \'low\', \'2026-02-01\', \'400\', \'PO-2021-0002\', \'MOA_LENOVO\', \'1\', 1, 0, \'2026-02-28\', \'LENOVO\', \'1770707889_4417f3338cb2347bb6bd.webp\', \'2026-02-10 15:18:09\', \'2026-02-10 15:18:09\')')
 3 SYSTEMPATH\Database\BaseBuilder.php(2345): CodeIgniter\Database\BaseConnection->query('INSERT INTO `peripherals` (`asset_id`, `peripheral_type_id`, `brand`, `model`, `model_number`, `serial_number`, `department_id`, `location_id`, `assigned_to_user_id`, `workstation_id`, `status`, `condition_status`, `criticality`, `purchase_date`, `purchase_cost`, `order_number`, `supplier`, `qty`, `requestable`, `byod`, `warranty_expiry`, `vendor`, `device_image`, `created_at`, `updated_at`) VALUES (:asset_id:, :peripheral_type_id:, :brand:, :model:, :model_number:, :serial_number:, :department_id:, :location_id:, :assigned_to_user_id:, :workstation_id:, :status:, :condition_status:, :criticality:, :purchase_date:, :purchase_cost:, :order_number:, :supplier:, :qty:, :requestable:, :byod:, :warranty_expiry:, :vendor:, :device_image:, :created_at:, :updated_at:)', [...], false)
 4 SYSTEMPATH\Model.php(394): CodeIgniter\Database\BaseBuilder->insert()
 5 SYSTEMPATH\BaseModel.php(838): CodeIgniter\Model->doInsert([...])
 6 SYSTEMPATH\Model.php(797): CodeIgniter\BaseModel->insert([...], true)
 7 APPPATH\Controllers\PeripheralController.php(170): CodeIgniter\Model->insert([...])
 8 SYSTEMPATH\CodeIgniter.php(933): App\Controllers\PeripheralController->store()
 9 SYSTEMPATH\CodeIgniter.php(507): CodeIgniter\CodeIgniter->runController(Object(App\Controllers\PeripheralController))
10 SYSTEMPATH\CodeIgniter.php(354): CodeIgniter\CodeIgniter->handleRequest(null, Object(Config\Cache), false)
11 SYSTEMPATH\Boot.php(363): CodeIgniter\CodeIgniter->run()
12 SYSTEMPATH\Boot.php(68): CodeIgniter\Boot::runCodeIgniter(Object(CodeIgniter\CodeIgniter))
13 FCPATH\index.php(59): CodeIgniter\Boot::bootWeb(Object(Config\Paths))
CRITICAL - 2026-02-10 15:18:09 --> [Caused by] mysqli_sql_exception: Duplicate entry '' for key 'asset_tag'
in SYSTEMPATH\Database\MySQLi\Connection.php on line 327.
 1 SYSTEMPATH\Database\MySQLi\Connection.php(327): mysqli->query('INSERT INTO `peripherals` (`asset_id`, `peripheral_type_id`, `brand`, `model`, `model_number`, `serial_number`, `department_id`, `location_id`, `assigned_to_user_id`, `workstation_id`, `status`, `condition_status`, `criticality`, `purchase_date`, `purchase_cost`, `order_number`, `supplier`, `qty`, `requestable`, `byod`, `warranty_expiry`, `vendor`, `device_image`, `created_at`, `updated_at`) VALUES (\'11\', \'9\', \'LENOVO\', \'lenovo mouse\', \'1234\', \'0987\', \'9\', \'6\', \'1\', \'1\', \'in_use\', \'new\', \'low\', \'2026-02-01\', \'400\', \'PO-2021-0002\', \'MOA_LENOVO\', \'1\', 1, 0, \'2026-02-28\', \'LENOVO\', \'1770707889_4417f3338cb2347bb6bd.webp\', \'2026-02-10 15:18:09\', \'2026-02-10 15:18:09\')', 0)
 2 SYSTEMPATH\Database\BaseConnection.php(729): CodeIgniter\Database\MySQLi\Connection->execute('INSERT INTO `peripherals` (`asset_id`, `peripheral_type_id`, `brand`, `model`, `model_number`, `serial_number`, `department_id`, `location_id`, `assigned_to_user_id`, `workstation_id`, `status`, `condition_status`, `criticality`, `purchase_date`, `purchase_cost`, `order_number`, `supplier`, `qty`, `requestable`, `byod`, `warranty_expiry`, `vendor`, `device_image`, `created_at`, `updated_at`) VALUES (\'11\', \'9\', \'LENOVO\', \'lenovo mouse\', \'1234\', \'0987\', \'9\', \'6\', \'1\', \'1\', \'in_use\', \'new\', \'low\', \'2026-02-01\', \'400\', \'PO-2021-0002\', \'MOA_LENOVO\', \'1\', 1, 0, \'2026-02-28\', \'LENOVO\', \'1770707889_4417f3338cb2347bb6bd.webp\', \'2026-02-10 15:18:09\', \'2026-02-10 15:18:09\')')
 3 SYSTEMPATH\Database\BaseConnection.php(646): CodeIgniter\Database\BaseConnection->simpleQuery('INSERT INTO `peripherals` (`asset_id`, `peripheral_type_id`, `brand`, `model`, `model_number`, `serial_number`, `department_id`, `location_id`, `assigned_to_user_id`, `workstation_id`, `status`, `condition_status`, `criticality`, `purchase_date`, `purchase_cost`, `order_number`, `supplier`, `qty`, `requestable`, `byod`, `warranty_expiry`, `vendor`, `device_image`, `created_at`, `updated_at`) VALUES (\'11\', \'9\', \'LENOVO\', \'lenovo mouse\', \'1234\', \'0987\', \'9\', \'6\', \'1\', \'1\', \'in_use\', \'new\', \'low\', \'2026-02-01\', \'400\', \'PO-2021-0002\', \'MOA_LENOVO\', \'1\', 1, 0, \'2026-02-28\', \'LENOVO\', \'1770707889_4417f3338cb2347bb6bd.webp\', \'2026-02-10 15:18:09\', \'2026-02-10 15:18:09\')')
 4 SYSTEMPATH\Database\BaseBuilder.php(2345): CodeIgniter\Database\BaseConnection->query('INSERT INTO `peripherals` (`asset_id`, `peripheral_type_id`, `brand`, `model`, `model_number`, `serial_number`, `department_id`, `location_id`, `assigned_to_user_id`, `workstation_id`, `status`, `condition_status`, `criticality`, `purchase_date`, `purchase_cost`, `order_number`, `supplier`, `qty`, `requestable`, `byod`, `warranty_expiry`, `vendor`, `device_image`, `created_at`, `updated_at`) VALUES (:asset_id:, :peripheral_type_id:, :brand:, :model:, :model_number:, :serial_number:, :department_id:, :location_id:, :assigned_to_user_id:, :workstation_id:, :status:, :condition_status:, :criticality:, :purchase_date:, :purchase_cost:, :order_number:, :supplier:, :qty:, :requestable:, :byod:, :warranty_expiry:, :vendor:, :device_image:, :created_at:, :updated_at:)', [...], false)
 5 SYSTEMPATH\Model.php(394): CodeIgniter\Database\BaseBuilder->insert()
 6 SYSTEMPATH\BaseModel.php(838): CodeIgniter\Model->doInsert([...])
 7 SYSTEMPATH\Model.php(797): CodeIgniter\BaseModel->insert([...], true)
 8 APPPATH\Controllers\PeripheralController.php(170): CodeIgniter\Model->insert([...])
 9 SYSTEMPATH\CodeIgniter.php(933): App\Controllers\PeripheralController->store()
10 SYSTEMPATH\CodeIgniter.php(507): CodeIgniter\CodeIgniter->runController(Object(App\Controllers\PeripheralController))
11 SYSTEMPATH\CodeIgniter.php(354): CodeIgniter\CodeIgniter->handleRequest(null, Object(Config\Cache), false)
12 SYSTEMPATH\Boot.php(363): CodeIgniter\CodeIgniter->run()
13 SYSTEMPATH\Boot.php(68): CodeIgniter\Boot::runCodeIgniter(Object(CodeIgniter\CodeIgniter))
14 FCPATH\index.php(59): CodeIgniter\Boot::bootWeb(Object(Config\Paths))
ERROR - 2026-02-10 15:18:12 --> mysqli_sql_exception: Duplicate entry '' for key 'asset_tag' in C:\xampp\htdocs\IM\system\Database\MySQLi\Connection.php:327
Stack trace:
#0 C:\xampp\htdocs\IM\system\Database\MySQLi\Connection.php(327): mysqli->query('INSERT INTO `pe...', 0)
#1 C:\xampp\htdocs\IM\system\Database\BaseConnection.php(729): CodeIgniter\Database\MySQLi\Connection->execute('INSERT INTO `pe...')
#2 C:\xampp\htdocs\IM\system\Database\BaseConnection.php(646): CodeIgniter\Database\BaseConnection->simpleQuery('INSERT INTO `pe...')
#3 C:\xampp\htdocs\IM\system\Database\BaseBuilder.php(2345): CodeIgniter\Database\BaseConnection->query('INSERT INTO `pe...', Array, false)
#4 C:\xampp\htdocs\IM\system\Model.php(394): CodeIgniter\Database\BaseBuilder->insert()
#5 C:\xampp\htdocs\IM\system\BaseModel.php(838): CodeIgniter\Model->doInsert(Array)
#6 C:\xampp\htdocs\IM\system\Model.php(797): CodeIgniter\BaseModel->insert(Array, true)
#7 C:\xampp\htdocs\IM\app\Controllers\PeripheralController.php(170): CodeIgniter\Model->insert(Array)
#8 C:\xampp\htdocs\IM\system\CodeIgniter.php(933): App\Controllers\PeripheralController->store()
#9 C:\xampp\htdocs\IM\system\CodeIgniter.php(507): CodeIgniter\CodeIgniter->runController(Object(App\Controllers\PeripheralController))
#10 C:\xampp\htdocs\IM\system\CodeIgniter.php(354): CodeIgniter\CodeIgniter->handleRequest(NULL, Object(Config\Cache), false)
#11 C:\xampp\htdocs\IM\system\Boot.php(363): CodeIgniter\CodeIgniter->run()
#12 C:\xampp\htdocs\IM\system\Boot.php(68): CodeIgniter\Boot::runCodeIgniter(Object(CodeIgniter\CodeIgniter))
#13 C:\xampp\htdocs\IM\index.php(59): CodeIgniter\Boot::bootWeb(Object(Config\Paths))
#14 {main}
CRITICAL - 2026-02-10 15:18:12 --> CodeIgniter\Database\Exceptions\DatabaseException: Duplicate entry '' for key 'asset_tag'
[Method: POST, Route: peripherals/store]
in SYSTEMPATH\Database\BaseConnection.php on line 684.
 1 SYSTEMPATH\Database\BaseBuilder.php(2345): CodeIgniter\Database\BaseConnection->query('INSERT INTO `peripherals` (`asset_id`, `peripheral_type_id`, `brand`, `model`, `model_number`, `serial_number`, `department_id`, `location_id`, `assigned_to_user_id`, `workstation_id`, `status`, `condition_status`, `criticality`, `purchase_date`, `purchase_cost`, `order_number`, `supplier`, `qty`, `requestable`, `byod`, `warranty_expiry`, `vendor`, `device_image`, `created_at`, `updated_at`) VALUES (:asset_id:, :peripheral_type_id:, :brand:, :model:, :model_number:, :serial_number:, :department_id:, :location_id:, :assigned_to_user_id:, :workstation_id:, :status:, :condition_status:, :criticality:, :purchase_date:, :purchase_cost:, :order_number:, :supplier:, :qty:, :requestable:, :byod:, :warranty_expiry:, :vendor:, :device_image:, :created_at:, :updated_at:)', [...], false)
 2 SYSTEMPATH\Model.php(394): CodeIgniter\Database\BaseBuilder->insert()
 3 SYSTEMPATH\BaseModel.php(838): CodeIgniter\Model->doInsert([...])
 4 SYSTEMPATH\Model.php(797): CodeIgniter\BaseModel->insert([...], true)
 5 APPPATH\Controllers\PeripheralController.php(170): CodeIgniter\Model->insert([...])
 6 SYSTEMPATH\CodeIgniter.php(933): App\Controllers\PeripheralController->store()
 7 SYSTEMPATH\CodeIgniter.php(507): CodeIgniter\CodeIgniter->runController(Object(App\Controllers\PeripheralController))
 8 SYSTEMPATH\CodeIgniter.php(354): CodeIgniter\CodeIgniter->handleRequest(null, Object(Config\Cache), false)
 9 SYSTEMPATH\Boot.php(363): CodeIgniter\CodeIgniter->run()
10 SYSTEMPATH\Boot.php(68): CodeIgniter\Boot::runCodeIgniter(Object(CodeIgniter\CodeIgniter))
11 FCPATH\index.php(59): CodeIgniter\Boot::bootWeb(Object(Config\Paths))
CRITICAL - 2026-02-10 15:18:12 --> [Caused by] CodeIgniter\Database\Exceptions\DatabaseException: Duplicate entry '' for key 'asset_tag'
in SYSTEMPATH\Database\MySQLi\Connection.php on line 332.
 1 SYSTEMPATH\Database\BaseConnection.php(729): CodeIgniter\Database\MySQLi\Connection->execute('INSERT INTO `peripherals` (`asset_id`, `peripheral_type_id`, `brand`, `model`, `model_number`, `serial_number`, `department_id`, `location_id`, `assigned_to_user_id`, `workstation_id`, `status`, `condition_status`, `criticality`, `purchase_date`, `purchase_cost`, `order_number`, `supplier`, `qty`, `requestable`, `byod`, `warranty_expiry`, `vendor`, `device_image`, `created_at`, `updated_at`) VALUES (\'11\', \'9\', \'LENOVO\', \'lenovo mouse\', \'1234\', \'0987\', \'9\', \'6\', \'1\', \'1\', \'in_use\', \'new\', \'low\', \'2026-02-01\', \'400\', \'PO-2021-0002\', \'MOA_LENOVO\', \'1\', 1, 0, \'2026-02-28\', \'LENOVO\', \'1770707891_df8a3af4be0144de35a2.webp\', \'2026-02-10 15:18:11\', \'2026-02-10 15:18:11\')')
 2 SYSTEMPATH\Database\BaseConnection.php(646): CodeIgniter\Database\BaseConnection->simpleQuery('INSERT INTO `peripherals` (`asset_id`, `peripheral_type_id`, `brand`, `model`, `model_number`, `serial_number`, `department_id`, `location_id`, `assigned_to_user_id`, `workstation_id`, `status`, `condition_status`, `criticality`, `purchase_date`, `purchase_cost`, `order_number`, `supplier`, `qty`, `requestable`, `byod`, `warranty_expiry`, `vendor`, `device_image`, `created_at`, `updated_at`) VALUES (\'11\', \'9\', \'LENOVO\', \'lenovo mouse\', \'1234\', \'0987\', \'9\', \'6\', \'1\', \'1\', \'in_use\', \'new\', \'low\', \'2026-02-01\', \'400\', \'PO-2021-0002\', \'MOA_LENOVO\', \'1\', 1, 0, \'2026-02-28\', \'LENOVO\', \'1770707891_df8a3af4be0144de35a2.webp\', \'2026-02-10 15:18:11\', \'2026-02-10 15:18:11\')')
 3 SYSTEMPATH\Database\BaseBuilder.php(2345): CodeIgniter\Database\BaseConnection->query('INSERT INTO `peripherals` (`asset_id`, `peripheral_type_id`, `brand`, `model`, `model_number`, `serial_number`, `department_id`, `location_id`, `assigned_to_user_id`, `workstation_id`, `status`, `condition_status`, `criticality`, `purchase_date`, `purchase_cost`, `order_number`, `supplier`, `qty`, `requestable`, `byod`, `warranty_expiry`, `vendor`, `device_image`, `created_at`, `updated_at`) VALUES (:asset_id:, :peripheral_type_id:, :brand:, :model:, :model_number:, :serial_number:, :department_id:, :location_id:, :assigned_to_user_id:, :workstation_id:, :status:, :condition_status:, :criticality:, :purchase_date:, :purchase_cost:, :order_number:, :supplier:, :qty:, :requestable:, :byod:, :warranty_expiry:, :vendor:, :device_image:, :created_at:, :updated_at:)', [...], false)
 4 SYSTEMPATH\Model.php(394): CodeIgniter\Database\BaseBuilder->insert()
 5 SYSTEMPATH\BaseModel.php(838): CodeIgniter\Model->doInsert([...])
 6 SYSTEMPATH\Model.php(797): CodeIgniter\BaseModel->insert([...], true)
 7 APPPATH\Controllers\PeripheralController.php(170): CodeIgniter\Model->insert([...])
 8 SYSTEMPATH\CodeIgniter.php(933): App\Controllers\PeripheralController->store()
 9 SYSTEMPATH\CodeIgniter.php(507): CodeIgniter\CodeIgniter->runController(Object(App\Controllers\PeripheralController))
10 SYSTEMPATH\CodeIgniter.php(354): CodeIgniter\CodeIgniter->handleRequest(null, Object(Config\Cache), false)
11 SYSTEMPATH\Boot.php(363): CodeIgniter\CodeIgniter->run()
12 SYSTEMPATH\Boot.php(68): CodeIgniter\Boot::runCodeIgniter(Object(CodeIgniter\CodeIgniter))
13 FCPATH\index.php(59): CodeIgniter\Boot::bootWeb(Object(Config\Paths))
CRITICAL - 2026-02-10 15:18:12 --> [Caused by] mysqli_sql_exception: Duplicate entry '' for key 'asset_tag'
in SYSTEMPATH\Database\MySQLi\Connection.php on line 327.
 1 SYSTEMPATH\Database\MySQLi\Connection.php(327): mysqli->query('INSERT INTO `peripherals` (`asset_id`, `peripheral_type_id`, `brand`, `model`, `model_number`, `serial_number`, `department_id`, `location_id`, `assigned_to_user_id`, `workstation_id`, `status`, `condition_status`, `criticality`, `purchase_date`, `purchase_cost`, `order_number`, `supplier`, `qty`, `requestable`, `byod`, `warranty_expiry`, `vendor`, `device_image`, `created_at`, `updated_at`) VALUES (\'11\', \'9\', \'LENOVO\', \'lenovo mouse\', \'1234\', \'0987\', \'9\', \'6\', \'1\', \'1\', \'in_use\', \'new\', \'low\', \'2026-02-01\', \'400\', \'PO-2021-0002\', \'MOA_LENOVO\', \'1\', 1, 0, \'2026-02-28\', \'LENOVO\', \'1770707891_df8a3af4be0144de35a2.webp\', \'2026-02-10 15:18:11\', \'2026-02-10 15:18:11\')', 0)
 2 SYSTEMPATH\Database\BaseConnection.php(729): CodeIgniter\Database\MySQLi\Connection->execute('INSERT INTO `peripherals` (`asset_id`, `peripheral_type_id`, `brand`, `model`, `model_number`, `serial_number`, `department_id`, `location_id`, `assigned_to_user_id`, `workstation_id`, `status`, `condition_status`, `criticality`, `purchase_date`, `purchase_cost`, `order_number`, `supplier`, `qty`, `requestable`, `byod`, `warranty_expiry`, `vendor`, `device_image`, `created_at`, `updated_at`) VALUES (\'11\', \'9\', \'LENOVO\', \'lenovo mouse\', \'1234\', \'0987\', \'9\', \'6\', \'1\', \'1\', \'in_use\', \'new\', \'low\', \'2026-02-01\', \'400\', \'PO-2021-0002\', \'MOA_LENOVO\', \'1\', 1, 0, \'2026-02-28\', \'LENOVO\', \'1770707891_df8a3af4be0144de35a2.webp\', \'2026-02-10 15:18:11\', \'2026-02-10 15:18:11\')')
 3 SYSTEMPATH\Database\BaseConnection.php(646): CodeIgniter\Database\BaseConnection->simpleQuery('INSERT INTO `peripherals` (`asset_id`, `peripheral_type_id`, `brand`, `model`, `model_number`, `serial_number`, `department_id`, `location_id`, `assigned_to_user_id`, `workstation_id`, `status`, `condition_status`, `criticality`, `purchase_date`, `purchase_cost`, `order_number`, `supplier`, `qty`, `requestable`, `byod`, `warranty_expiry`, `vendor`, `device_image`, `created_at`, `updated_at`) VALUES (\'11\', \'9\', \'LENOVO\', \'lenovo mouse\', \'1234\', \'0987\', \'9\', \'6\', \'1\', \'1\', \'in_use\', \'new\', \'low\', \'2026-02-01\', \'400\', \'PO-2021-0002\', \'MOA_LENOVO\', \'1\', 1, 0, \'2026-02-28\', \'LENOVO\', \'1770707891_df8a3af4be0144de35a2.webp\', \'2026-02-10 15:18:11\', \'2026-02-10 15:18:11\')')
 4 SYSTEMPATH\Database\BaseBuilder.php(2345): CodeIgniter\Database\BaseConnection->query('INSERT INTO `peripherals` (`asset_id`, `peripheral_type_id`, `brand`, `model`, `model_number`, `serial_number`, `department_id`, `location_id`, `assigned_to_user_id`, `workstation_id`, `status`, `condition_status`, `criticality`, `purchase_date`, `purchase_cost`, `order_number`, `supplier`, `qty`, `requestable`, `byod`, `warranty_expiry`, `vendor`, `device_image`, `created_at`, `updated_at`) VALUES (:asset_id:, :peripheral_type_id:, :brand:, :model:, :model_number:, :serial_number:, :department_id:, :location_id:, :assigned_to_user_id:, :workstation_id:, :status:, :condition_status:, :criticality:, :purchase_date:, :purchase_cost:, :order_number:, :supplier:, :qty:, :requestable:, :byod:, :warranty_expiry:, :vendor:, :device_image:, :created_at:, :updated_at:)', [...], false)
 5 SYSTEMPATH\Model.php(394): CodeIgniter\Database\BaseBuilder->insert()
 6 SYSTEMPATH\BaseModel.php(838): CodeIgniter\Model->doInsert([...])
 7 SYSTEMPATH\Model.php(797): CodeIgniter\BaseModel->insert([...], true)
 8 APPPATH\Controllers\PeripheralController.php(170): CodeIgniter\Model->insert([...])
 9 SYSTEMPATH\CodeIgniter.php(933): App\Controllers\PeripheralController->store()
10 SYSTEMPATH\CodeIgniter.php(507): CodeIgniter\CodeIgniter->runController(Object(App\Controllers\PeripheralController))
11 SYSTEMPATH\CodeIgniter.php(354): CodeIgniter\CodeIgniter->handleRequest(null, Object(Config\Cache), false)
12 SYSTEMPATH\Boot.php(363): CodeIgniter\CodeIgniter->run()
13 SYSTEMPATH\Boot.php(68): CodeIgniter\Boot::runCodeIgniter(Object(CodeIgniter\CodeIgniter))
14 FCPATH\index.php(59): CodeIgniter\Boot::bootWeb(Object(Config\Paths))
ERROR - 2026-02-10 15:18:42 --> mysqli_sql_exception: Duplicate entry '' for key 'asset_tag' in C:\xampp\htdocs\IM\system\Database\MySQLi\Connection.php:327
Stack trace:
#0 C:\xampp\htdocs\IM\system\Database\MySQLi\Connection.php(327): mysqli->query('INSERT INTO `pe...', 0)
#1 C:\xampp\htdocs\IM\system\Database\BaseConnection.php(729): CodeIgniter\Database\MySQLi\Connection->execute('INSERT INTO `pe...')
#2 C:\xampp\htdocs\IM\system\Database\BaseConnection.php(646): CodeIgniter\Database\BaseConnection->simpleQuery('INSERT INTO `pe...')
#3 C:\xampp\htdocs\IM\system\Database\BaseBuilder.php(2345): CodeIgniter\Database\BaseConnection->query('INSERT INTO `pe...', Array, false)
#4 C:\xampp\htdocs\IM\system\Model.php(394): CodeIgniter\Database\BaseBuilder->insert()
#5 C:\xampp\htdocs\IM\system\BaseModel.php(838): CodeIgniter\Model->doInsert(Array)
#6 C:\xampp\htdocs\IM\system\Model.php(797): CodeIgniter\BaseModel->insert(Array, true)
#7 C:\xampp\htdocs\IM\app\Controllers\PeripheralController.php(170): CodeIgniter\Model->insert(Array)
#8 C:\xampp\htdocs\IM\system\CodeIgniter.php(933): App\Controllers\PeripheralController->store()
#9 C:\xampp\htdocs\IM\system\CodeIgniter.php(507): CodeIgniter\CodeIgniter->runController(Object(App\Controllers\PeripheralController))
#10 C:\xampp\htdocs\IM\system\CodeIgniter.php(354): CodeIgniter\CodeIgniter->handleRequest(NULL, Object(Config\Cache), false)
#11 C:\xampp\htdocs\IM\system\Boot.php(363): CodeIgniter\CodeIgniter->run()
#12 C:\xampp\htdocs\IM\system\Boot.php(68): CodeIgniter\Boot::runCodeIgniter(Object(CodeIgniter\CodeIgniter))
#13 C:\xampp\htdocs\IM\index.php(59): CodeIgniter\Boot::bootWeb(Object(Config\Paths))
#14 {main}
CRITICAL - 2026-02-10 15:18:42 --> CodeIgniter\Database\Exceptions\DatabaseException: Duplicate entry '' for key 'asset_tag'
[Method: POST, Route: peripherals/store]
in SYSTEMPATH\Database\BaseConnection.php on line 684.
 1 SYSTEMPATH\Database\BaseBuilder.php(2345): CodeIgniter\Database\BaseConnection->query('INSERT INTO `peripherals` (`asset_id`, `peripheral_type_id`, `brand`, `model`, `model_number`, `serial_number`, `department_id`, `location_id`, `assigned_to_user_id`, `workstation_id`, `status`, `condition_status`, `criticality`, `purchase_date`, `purchase_cost`, `order_number`, `supplier`, `qty`, `requestable`, `byod`, `warranty_expiry`, `vendor`, `device_image`, `created_at`, `updated_at`) VALUES (:asset_id:, :peripheral_type_id:, :brand:, :model:, :model_number:, :serial_number:, :department_id:, :location_id:, :assigned_to_user_id:, :workstation_id:, :status:, :condition_status:, :criticality:, :purchase_date:, :purchase_cost:, :order_number:, :supplier:, :qty:, :requestable:, :byod:, :warranty_expiry:, :vendor:, :device_image:, :created_at:, :updated_at:)', [...], false)
 2 SYSTEMPATH\Model.php(394): CodeIgniter\Database\BaseBuilder->insert()
 3 SYSTEMPATH\BaseModel.php(838): CodeIgniter\Model->doInsert([...])
 4 SYSTEMPATH\Model.php(797): CodeIgniter\BaseModel->insert([...], true)
 5 APPPATH\Controllers\PeripheralController.php(170): CodeIgniter\Model->insert([...])
 6 SYSTEMPATH\CodeIgniter.php(933): App\Controllers\PeripheralController->store()
 7 SYSTEMPATH\CodeIgniter.php(507): CodeIgniter\CodeIgniter->runController(Object(App\Controllers\PeripheralController))
 8 SYSTEMPATH\CodeIgniter.php(354): CodeIgniter\CodeIgniter->handleRequest(null, Object(Config\Cache), false)
 9 SYSTEMPATH\Boot.php(363): CodeIgniter\CodeIgniter->run()
10 SYSTEMPATH\Boot.php(68): CodeIgniter\Boot::runCodeIgniter(Object(CodeIgniter\CodeIgniter))
11 FCPATH\index.php(59): CodeIgniter\Boot::bootWeb(Object(Config\Paths))
CRITICAL - 2026-02-10 15:18:42 --> [Caused by] CodeIgniter\Database\Exceptions\DatabaseException: Duplicate entry '' for key 'asset_tag'
in SYSTEMPATH\Database\MySQLi\Connection.php on line 332.
 1 SYSTEMPATH\Database\BaseConnection.php(729): CodeIgniter\Database\MySQLi\Connection->execute('INSERT INTO `peripherals` (`asset_id`, `peripheral_type_id`, `brand`, `model`, `model_number`, `serial_number`, `department_id`, `location_id`, `assigned_to_user_id`, `workstation_id`, `status`, `condition_status`, `criticality`, `purchase_date`, `purchase_cost`, `order_number`, `supplier`, `qty`, `requestable`, `byod`, `warranty_expiry`, `vendor`, `device_image`, `created_at`, `updated_at`) VALUES (\'11\', \'9\', \'LENOVO\', \'lenovo mouse\', \'1234\', \'0987\', \'9\', \'6\', \'1\', \'1\', \'available\', \'good\', \'medium\', \'2026-02-01\', \'400\', \'PO-2021-0002\', \'MOA_LENOVO\', \'1\', 1, 0, \'2026-02-28\', \'LENOVO\', \'1770707922_0dce7c9b57a5376231f9.webp\', \'2026-02-10 15:18:42\', \'2026-02-10 15:18:42\')')
 2 SYSTEMPATH\Database\BaseConnection.php(646): CodeIgniter\Database\BaseConnection->simpleQuery('INSERT INTO `peripherals` (`asset_id`, `peripheral_type_id`, `brand`, `model`, `model_number`, `serial_number`, `department_id`, `location_id`, `assigned_to_user_id`, `workstation_id`, `status`, `condition_status`, `criticality`, `purchase_date`, `purchase_cost`, `order_number`, `supplier`, `qty`, `requestable`, `byod`, `warranty_expiry`, `vendor`, `device_image`, `created_at`, `updated_at`) VALUES (\'11\', \'9\', \'LENOVO\', \'lenovo mouse\', \'1234\', \'0987\', \'9\', \'6\', \'1\', \'1\', \'available\', \'good\', \'medium\', \'2026-02-01\', \'400\', \'PO-2021-0002\', \'MOA_LENOVO\', \'1\', 1, 0, \'2026-02-28\', \'LENOVO\', \'1770707922_0dce7c9b57a5376231f9.webp\', \'2026-02-10 15:18:42\', \'2026-02-10 15:18:42\')')
 3 SYSTEMPATH\Database\BaseBuilder.php(2345): CodeIgniter\Database\BaseConnection->query('INSERT INTO `peripherals` (`asset_id`, `peripheral_type_id`, `brand`, `model`, `model_number`, `serial_number`, `department_id`, `location_id`, `assigned_to_user_id`, `workstation_id`, `status`, `condition_status`, `criticality`, `purchase_date`, `purchase_cost`, `order_number`, `supplier`, `qty`, `requestable`, `byod`, `warranty_expiry`, `vendor`, `device_image`, `created_at`, `updated_at`) VALUES (:asset_id:, :peripheral_type_id:, :brand:, :model:, :model_number:, :serial_number:, :department_id:, :location_id:, :assigned_to_user_id:, :workstation_id:, :status:, :condition_status:, :criticality:, :purchase_date:, :purchase_cost:, :order_number:, :supplier:, :qty:, :requestable:, :byod:, :warranty_expiry:, :vendor:, :device_image:, :created_at:, :updated_at:)', [...], false)
 4 SYSTEMPATH\Model.php(394): CodeIgniter\Database\BaseBuilder->insert()
 5 SYSTEMPATH\BaseModel.php(838): CodeIgniter\Model->doInsert([...])
 6 SYSTEMPATH\Model.php(797): CodeIgniter\BaseModel->insert([...], true)
 7 APPPATH\Controllers\PeripheralController.php(170): CodeIgniter\Model->insert([...])
 8 SYSTEMPATH\CodeIgniter.php(933): App\Controllers\PeripheralController->store()
 9 SYSTEMPATH\CodeIgniter.php(507): CodeIgniter\CodeIgniter->runController(Object(App\Controllers\PeripheralController))
10 SYSTEMPATH\CodeIgniter.php(354): CodeIgniter\CodeIgniter->handleRequest(null, Object(Config\Cache), false)
11 SYSTEMPATH\Boot.php(363): CodeIgniter\CodeIgniter->run()
12 SYSTEMPATH\Boot.php(68): CodeIgniter\Boot::runCodeIgniter(Object(CodeIgniter\CodeIgniter))
13 FCPATH\index.php(59): CodeIgniter\Boot::bootWeb(Object(Config\Paths))
CRITICAL - 2026-02-10 15:18:42 --> [Caused by] mysqli_sql_exception: Duplicate entry '' for key 'asset_tag'
in SYSTEMPATH\Database\MySQLi\Connection.php on line 327.
 1 SYSTEMPATH\Database\MySQLi\Connection.php(327): mysqli->query('INSERT INTO `peripherals` (`asset_id`, `peripheral_type_id`, `brand`, `model`, `model_number`, `serial_number`, `department_id`, `location_id`, `assigned_to_user_id`, `workstation_id`, `status`, `condition_status`, `criticality`, `purchase_date`, `purchase_cost`, `order_number`, `supplier`, `qty`, `requestable`, `byod`, `warranty_expiry`, `vendor`, `device_image`, `created_at`, `updated_at`) VALUES (\'11\', \'9\', \'LENOVO\', \'lenovo mouse\', \'1234\', \'0987\', \'9\', \'6\', \'1\', \'1\', \'available\', \'good\', \'medium\', \'2026-02-01\', \'400\', \'PO-2021-0002\', \'MOA_LENOVO\', \'1\', 1, 0, \'2026-02-28\', \'LENOVO\', \'1770707922_0dce7c9b57a5376231f9.webp\', \'2026-02-10 15:18:42\', \'2026-02-10 15:18:42\')', 0)
 2 SYSTEMPATH\Database\BaseConnection.php(729): CodeIgniter\Database\MySQLi\Connection->execute('INSERT INTO `peripherals` (`asset_id`, `peripheral_type_id`, `brand`, `model`, `model_number`, `serial_number`, `department_id`, `location_id`, `assigned_to_user_id`, `workstation_id`, `status`, `condition_status`, `criticality`, `purchase_date`, `purchase_cost`, `order_number`, `supplier`, `qty`, `requestable`, `byod`, `warranty_expiry`, `vendor`, `device_image`, `created_at`, `updated_at`) VALUES (\'11\', \'9\', \'LENOVO\', \'lenovo mouse\', \'1234\', \'0987\', \'9\', \'6\', \'1\', \'1\', \'available\', \'good\', \'medium\', \'2026-02-01\', \'400\', \'PO-2021-0002\', \'MOA_LENOVO\', \'1\', 1, 0, \'2026-02-28\', \'LENOVO\', \'1770707922_0dce7c9b57a5376231f9.webp\', \'2026-02-10 15:18:42\', \'2026-02-10 15:18:42\')')
 3 SYSTEMPATH\Database\BaseConnection.php(646): CodeIgniter\Database\BaseConnection->simpleQuery('INSERT INTO `peripherals` (`asset_id`, `peripheral_type_id`, `brand`, `model`, `model_number`, `serial_number`, `department_id`, `location_id`, `assigned_to_user_id`, `workstation_id`, `status`, `condition_status`, `criticality`, `purchase_date`, `purchase_cost`, `order_number`, `supplier`, `qty`, `requestable`, `byod`, `warranty_expiry`, `vendor`, `device_image`, `created_at`, `updated_at`) VALUES (\'11\', \'9\', \'LENOVO\', \'lenovo mouse\', \'1234\', \'0987\', \'9\', \'6\', \'1\', \'1\', \'available\', \'good\', \'medium\', \'2026-02-01\', \'400\', \'PO-2021-0002\', \'MOA_LENOVO\', \'1\', 1, 0, \'2026-02-28\', \'LENOVO\', \'1770707922_0dce7c9b57a5376231f9.webp\', \'2026-02-10 15:18:42\', \'2026-02-10 15:18:42\')')
 4 SYSTEMPATH\Database\BaseBuilder.php(2345): CodeIgniter\Database\BaseConnection->query('INSERT INTO `peripherals` (`asset_id`, `peripheral_type_id`, `brand`, `model`, `model_number`, `serial_number`, `department_id`, `location_id`, `assigned_to_user_id`, `workstation_id`, `status`, `condition_status`, `criticality`, `purchase_date`, `purchase_cost`, `order_number`, `supplier`, `qty`, `requestable`, `byod`, `warranty_expiry`, `vendor`, `device_image`, `created_at`, `updated_at`) VALUES (:asset_id:, :peripheral_type_id:, :brand:, :model:, :model_number:, :serial_number:, :department_id:, :location_id:, :assigned_to_user_id:, :workstation_id:, :status:, :condition_status:, :criticality:, :purchase_date:, :purchase_cost:, :order_number:, :supplier:, :qty:, :requestable:, :byod:, :warranty_expiry:, :vendor:, :device_image:, :created_at:, :updated_at:)', [...], false)
 5 SYSTEMPATH\Model.php(394): CodeIgniter\Database\BaseBuilder->insert()
 6 SYSTEMPATH\BaseModel.php(838): CodeIgniter\Model->doInsert([...])
 7 SYSTEMPATH\Model.php(797): CodeIgniter\BaseModel->insert([...], true)
 8 APPPATH\Controllers\PeripheralController.php(170): CodeIgniter\Model->insert([...])
 9 SYSTEMPATH\CodeIgniter.php(933): App\Controllers\PeripheralController->store()
10 SYSTEMPATH\CodeIgniter.php(507): CodeIgniter\CodeIgniter->runController(Object(App\Controllers\PeripheralController))
11 SYSTEMPATH\CodeIgniter.php(354): CodeIgniter\CodeIgniter->handleRequest(null, Object(Config\Cache), false)
12 SYSTEMPATH\Boot.php(363): CodeIgniter\CodeIgniter->run()
13 SYSTEMPATH\Boot.php(68): CodeIgniter\Boot::runCodeIgniter(Object(CodeIgniter\CodeIgniter))
14 FCPATH\index.php(59): CodeIgniter\Boot::bootWeb(Object(Config\Paths))
ERROR - 2026-02-10 15:29:16 --> mysqli_sql_exception: Column 'department_id' cannot be null in C:\xampp\htdocs\IM\system\Database\MySQLi\Connection.php:327
Stack trace:
#0 C:\xampp\htdocs\IM\system\Database\MySQLi\Connection.php(327): mysqli->query('INSERT INTO `pe...', 0)
#1 C:\xampp\htdocs\IM\system\Database\BaseConnection.php(729): CodeIgniter\Database\MySQLi\Connection->execute('INSERT INTO `pe...')
#2 C:\xampp\htdocs\IM\system\Database\BaseConnection.php(646): CodeIgniter\Database\BaseConnection->simpleQuery('INSERT INTO `pe...')
#3 C:\xampp\htdocs\IM\system\Database\BaseBuilder.php(2345): CodeIgniter\Database\BaseConnection->query('INSERT INTO `pe...', Array, false)
#4 C:\xampp\htdocs\IM\system\Model.php(394): CodeIgniter\Database\BaseBuilder->insert()
#5 C:\xampp\htdocs\IM\system\BaseModel.php(838): CodeIgniter\Model->doInsert(Array)
#6 C:\xampp\htdocs\IM\system\Model.php(797): CodeIgniter\BaseModel->insert(Array, true)
#7 C:\xampp\htdocs\IM\app\Controllers\PeripheralController.php(170): CodeIgniter\Model->insert(Array)
#8 C:\xampp\htdocs\IM\system\CodeIgniter.php(933): App\Controllers\PeripheralController->store()
#9 C:\xampp\htdocs\IM\system\CodeIgniter.php(507): CodeIgniter\CodeIgniter->runController(Object(App\Controllers\PeripheralController))
#10 C:\xampp\htdocs\IM\system\CodeIgniter.php(354): CodeIgniter\CodeIgniter->handleRequest(NULL, Object(Config\Cache), false)
#11 C:\xampp\htdocs\IM\system\Boot.php(363): CodeIgniter\CodeIgniter->run()
#12 C:\xampp\htdocs\IM\system\Boot.php(68): CodeIgniter\Boot::runCodeIgniter(Object(CodeIgniter\CodeIgniter))
#13 C:\xampp\htdocs\IM\index.php(59): CodeIgniter\Boot::bootWeb(Object(Config\Paths))
#14 {main}
CRITICAL - 2026-02-10 15:29:16 --> CodeIgniter\Database\Exceptions\DatabaseException: Column 'department_id' cannot be null
[Method: POST, Route: peripherals/store]
in SYSTEMPATH\Database\BaseConnection.php on line 684.
 1 SYSTEMPATH\Database\BaseBuilder.php(2345): CodeIgniter\Database\BaseConnection->query('INSERT INTO `peripherals` (`asset_id`, `peripheral_type_id`, `brand`, `model`, `model_number`, `serial_number`, `department_id`, `location_id`, `assigned_to_user_id`, `workstation_id`, `status`, `condition_status`, `criticality`, `purchase_date`, `purchase_cost`, `order_number`, `supplier`, `qty`, `requestable`, `byod`, `warranty_expiry`, `vendor`, `device_image`, `created_at`, `updated_at`) VALUES (:asset_id:, :peripheral_type_id:, :brand:, :model:, :model_number:, :serial_number:, :department_id:, :location_id:, :assigned_to_user_id:, :workstation_id:, :status:, :condition_status:, :criticality:, :purchase_date:, :purchase_cost:, :order_number:, :supplier:, :qty:, :requestable:, :byod:, :warranty_expiry:, :vendor:, :device_image:, :created_at:, :updated_at:)', [...], false)
 2 SYSTEMPATH\Model.php(394): CodeIgniter\Database\BaseBuilder->insert()
 3 SYSTEMPATH\BaseModel.php(838): CodeIgniter\Model->doInsert([...])
 4 SYSTEMPATH\Model.php(797): CodeIgniter\BaseModel->insert([...], true)
 5 APPPATH\Controllers\PeripheralController.php(170): CodeIgniter\Model->insert([...])
 6 SYSTEMPATH\CodeIgniter.php(933): App\Controllers\PeripheralController->store()
 7 SYSTEMPATH\CodeIgniter.php(507): CodeIgniter\CodeIgniter->runController(Object(App\Controllers\PeripheralController))
 8 SYSTEMPATH\CodeIgniter.php(354): CodeIgniter\CodeIgniter->handleRequest(null, Object(Config\Cache), false)
 9 SYSTEMPATH\Boot.php(363): CodeIgniter\CodeIgniter->run()
10 SYSTEMPATH\Boot.php(68): CodeIgniter\Boot::runCodeIgniter(Object(CodeIgniter\CodeIgniter))
11 FCPATH\index.php(59): CodeIgniter\Boot::bootWeb(Object(Config\Paths))
CRITICAL - 2026-02-10 15:29:16 --> [Caused by] CodeIgniter\Database\Exceptions\DatabaseException: Column 'department_id' cannot be null
in SYSTEMPATH\Database\MySQLi\Connection.php on line 332.
 1 SYSTEMPATH\Database\BaseConnection.php(729): CodeIgniter\Database\MySQLi\Connection->execute('INSERT INTO `peripherals` (`asset_id`, `peripheral_type_id`, `brand`, `model`, `model_number`, `serial_number`, `department_id`, `location_id`, `assigned_to_user_id`, `workstation_id`, `status`, `condition_status`, `criticality`, `purchase_date`, `purchase_cost`, `order_number`, `supplier`, `qty`, `requestable`, `byod`, `warranty_expiry`, `vendor`, `device_image`, `created_at`, `updated_at`) VALUES (NULL, \'9\', \'LENOVO\', \'lenovo mouse\', \'12345\', \'09876\', NULL, NULL, NULL, NULL, \'under_repair\', \'fair\', \'medium\', \'2026-02-09\', \'100\', \'PO-2021-0003\', \'MOA_LENOVO\', \'1\', 0, 0, \'2026-02-11\', \'LENOVO\', \'1770708556_50bfe207636c54a3d7da.webp\', \'2026-02-10 15:29:16\', \'2026-02-10 15:29:16\')')
 2 SYSTEMPATH\Database\BaseConnection.php(646): CodeIgniter\Database\BaseConnection->simpleQuery('INSERT INTO `peripherals` (`asset_id`, `peripheral_type_id`, `brand`, `model`, `model_number`, `serial_number`, `department_id`, `location_id`, `assigned_to_user_id`, `workstation_id`, `status`, `condition_status`, `criticality`, `purchase_date`, `purchase_cost`, `order_number`, `supplier`, `qty`, `requestable`, `byod`, `warranty_expiry`, `vendor`, `device_image`, `created_at`, `updated_at`) VALUES (NULL, \'9\', \'LENOVO\', \'lenovo mouse\', \'12345\', \'09876\', NULL, NULL, NULL, NULL, \'under_repair\', \'fair\', \'medium\', \'2026-02-09\', \'100\', \'PO-2021-0003\', \'MOA_LENOVO\', \'1\', 0, 0, \'2026-02-11\', \'LENOVO\', \'1770708556_50bfe207636c54a3d7da.webp\', \'2026-02-10 15:29:16\', \'2026-02-10 15:29:16\')')
 3 SYSTEMPATH\Database\BaseBuilder.php(2345): CodeIgniter\Database\BaseConnection->query('INSERT INTO `peripherals` (`asset_id`, `peripheral_type_id`, `brand`, `model`, `model_number`, `serial_number`, `department_id`, `location_id`, `assigned_to_user_id`, `workstation_id`, `status`, `condition_status`, `criticality`, `purchase_date`, `purchase_cost`, `order_number`, `supplier`, `qty`, `requestable`, `byod`, `warranty_expiry`, `vendor`, `device_image`, `created_at`, `updated_at`) VALUES (:asset_id:, :peripheral_type_id:, :brand:, :model:, :model_number:, :serial_number:, :department_id:, :location_id:, :assigned_to_user_id:, :workstation_id:, :status:, :condition_status:, :criticality:, :purchase_date:, :purchase_cost:, :order_number:, :supplier:, :qty:, :requestable:, :byod:, :warranty_expiry:, :vendor:, :device_image:, :created_at:, :updated_at:)', [...], false)
 4 SYSTEMPATH\Model.php(394): CodeIgniter\Database\BaseBuilder->insert()
 5 SYSTEMPATH\BaseModel.php(838): CodeIgniter\Model->doInsert([...])
 6 SYSTEMPATH\Model.php(797): CodeIgniter\BaseModel->insert([...], true)
 7 APPPATH\Controllers\PeripheralController.php(170): CodeIgniter\Model->insert([...])
 8 SYSTEMPATH\CodeIgniter.php(933): App\Controllers\PeripheralController->store()
 9 SYSTEMPATH\CodeIgniter.php(507): CodeIgniter\CodeIgniter->runController(Object(App\Controllers\PeripheralController))
10 SYSTEMPATH\CodeIgniter.php(354): CodeIgniter\CodeIgniter->handleRequest(null, Object(Config\Cache), false)
11 SYSTEMPATH\Boot.php(363): CodeIgniter\CodeIgniter->run()
12 SYSTEMPATH\Boot.php(68): CodeIgniter\Boot::runCodeIgniter(Object(CodeIgniter\CodeIgniter))
13 FCPATH\index.php(59): CodeIgniter\Boot::bootWeb(Object(Config\Paths))
CRITICAL - 2026-02-10 15:29:16 --> [Caused by] mysqli_sql_exception: Column 'department_id' cannot be null
in SYSTEMPATH\Database\MySQLi\Connection.php on line 327.
 1 SYSTEMPATH\Database\MySQLi\Connection.php(327): mysqli->query('INSERT INTO `peripherals` (`asset_id`, `peripheral_type_id`, `brand`, `model`, `model_number`, `serial_number`, `department_id`, `location_id`, `assigned_to_user_id`, `workstation_id`, `status`, `condition_status`, `criticality`, `purchase_date`, `purchase_cost`, `order_number`, `supplier`, `qty`, `requestable`, `byod`, `warranty_expiry`, `vendor`, `device_image`, `created_at`, `updated_at`) VALUES (NULL, \'9\', \'LENOVO\', \'lenovo mouse\', \'12345\', \'09876\', NULL, NULL, NULL, NULL, \'under_repair\', \'fair\', \'medium\', \'2026-02-09\', \'100\', \'PO-2021-0003\', \'MOA_LENOVO\', \'1\', 0, 0, \'2026-02-11\', \'LENOVO\', \'1770708556_50bfe207636c54a3d7da.webp\', \'2026-02-10 15:29:16\', \'2026-02-10 15:29:16\')', 0)
 2 SYSTEMPATH\Database\BaseConnection.php(729): CodeIgniter\Database\MySQLi\Connection->execute('INSERT INTO `peripherals` (`asset_id`, `peripheral_type_id`, `brand`, `model`, `model_number`, `serial_number`, `department_id`, `location_id`, `assigned_to_user_id`, `workstation_id`, `status`, `condition_status`, `criticality`, `purchase_date`, `purchase_cost`, `order_number`, `supplier`, `qty`, `requestable`, `byod`, `warranty_expiry`, `vendor`, `device_image`, `created_at`, `updated_at`) VALUES (NULL, \'9\', \'LENOVO\', \'lenovo mouse\', \'12345\', \'09876\', NULL, NULL, NULL, NULL, \'under_repair\', \'fair\', \'medium\', \'2026-02-09\', \'100\', \'PO-2021-0003\', \'MOA_LENOVO\', \'1\', 0, 0, \'2026-02-11\', \'LENOVO\', \'1770708556_50bfe207636c54a3d7da.webp\', \'2026-02-10 15:29:16\', \'2026-02-10 15:29:16\')')
 3 SYSTEMPATH\Database\BaseConnection.php(646): CodeIgniter\Database\BaseConnection->simpleQuery('INSERT INTO `peripherals` (`asset_id`, `peripheral_type_id`, `brand`, `model`, `model_number`, `serial_number`, `department_id`, `location_id`, `assigned_to_user_id`, `workstation_id`, `status`, `condition_status`, `criticality`, `purchase_date`, `purchase_cost`, `order_number`, `supplier`, `qty`, `requestable`, `byod`, `warranty_expiry`, `vendor`, `device_image`, `created_at`, `updated_at`) VALUES (NULL, \'9\', \'LENOVO\', \'lenovo mouse\', \'12345\', \'09876\', NULL, NULL, NULL, NULL, \'under_repair\', \'fair\', \'medium\', \'2026-02-09\', \'100\', \'PO-2021-0003\', \'MOA_LENOVO\', \'1\', 0, 0, \'2026-02-11\', \'LENOVO\', \'1770708556_50bfe207636c54a3d7da.webp\', \'2026-02-10 15:29:16\', \'2026-02-10 15:29:16\')')
 4 SYSTEMPATH\Database\BaseBuilder.php(2345): CodeIgniter\Database\BaseConnection->query('INSERT INTO `peripherals` (`asset_id`, `peripheral_type_id`, `brand`, `model`, `model_number`, `serial_number`, `department_id`, `location_id`, `assigned_to_user_id`, `workstation_id`, `status`, `condition_status`, `criticality`, `purchase_date`, `purchase_cost`, `order_number`, `supplier`, `qty`, `requestable`, `byod`, `warranty_expiry`, `vendor`, `device_image`, `created_at`, `updated_at`) VALUES (:asset_id:, :peripheral_type_id:, :brand:, :model:, :model_number:, :serial_number:, :department_id:, :location_id:, :assigned_to_user_id:, :workstation_id:, :status:, :condition_status:, :criticality:, :purchase_date:, :purchase_cost:, :order_number:, :supplier:, :qty:, :requestable:, :byod:, :warranty_expiry:, :vendor:, :device_image:, :created_at:, :updated_at:)', [...], false)
 5 SYSTEMPATH\Model.php(394): CodeIgniter\Database\BaseBuilder->insert()
 6 SYSTEMPATH\BaseModel.php(838): CodeIgniter\Model->doInsert([...])
 7 SYSTEMPATH\Model.php(797): CodeIgniter\BaseModel->insert([...], true)
 8 APPPATH\Controllers\PeripheralController.php(170): CodeIgniter\Model->insert([...])
 9 SYSTEMPATH\CodeIgniter.php(933): App\Controllers\PeripheralController->store()
10 SYSTEMPATH\CodeIgniter.php(507): CodeIgniter\CodeIgniter->runController(Object(App\Controllers\PeripheralController))
11 SYSTEMPATH\CodeIgniter.php(354): CodeIgniter\CodeIgniter->handleRequest(null, Object(Config\Cache), false)
12 SYSTEMPATH\Boot.php(363): CodeIgniter\CodeIgniter->run()
13 SYSTEMPATH\Boot.php(68): CodeIgniter\Boot::runCodeIgniter(Object(CodeIgniter\CodeIgniter))
14 FCPATH\index.php(59): CodeIgniter\Boot::bootWeb(Object(Config\Paths))
CRITICAL - 2026-02-10 17:17:37 --> ParseError: syntax error, unexpected token "?"
[Method: GET, Route: users]
in APPPATH\Views\users\index.php on line 266.
 1 SYSTEMPATH\View\View.php(229): CodeIgniter\View\View->CodeIgniter\View\{closure}()
 2 SYSTEMPATH\Common.php(1199): CodeIgniter\View\View->render('users/index', [], true)
 3 APPPATH\Controllers\UserController.php(71): view('users/index', [...])
 4 SYSTEMPATH\CodeIgniter.php(933): App\Controllers\UserController->index()
 5 SYSTEMPATH\CodeIgniter.php(507): CodeIgniter\CodeIgniter->runController(Object(App\Controllers\UserController))
 6 SYSTEMPATH\CodeIgniter.php(354): CodeIgniter\CodeIgniter->handleRequest(null, Object(Config\Cache), false)
 7 SYSTEMPATH\Boot.php(363): CodeIgniter\CodeIgniter->run()
 8 SYSTEMPATH\Boot.php(68): CodeIgniter\Boot::runCodeIgniter(Object(CodeIgniter\CodeIgniter))
 9 FCPATH\index.php(59): CodeIgniter\Boot::bootWeb(Object(Config\Paths))
CRITICAL - 2026-02-10 17:17:44 --> ParseError: syntax error, unexpected token "?"
[Method: GET, Route: users]
in APPPATH\Views\users\index.php on line 266.
 1 SYSTEMPATH\View\View.php(229): CodeIgniter\View\View->CodeIgniter\View\{closure}()
 2 SYSTEMPATH\Common.php(1199): CodeIgniter\View\View->render('users/index', [], true)
 3 APPPATH\Controllers\UserController.php(71): view('users/index', [...])
 4 SYSTEMPATH\CodeIgniter.php(933): App\Controllers\UserController->index()
 5 SYSTEMPATH\CodeIgniter.php(507): CodeIgniter\CodeIgniter->runController(Object(App\Controllers\UserController))
 6 SYSTEMPATH\CodeIgniter.php(354): CodeIgniter\CodeIgniter->handleRequest(null, Object(Config\Cache), false)
 7 SYSTEMPATH\Boot.php(363): CodeIgniter\CodeIgniter->run()
 8 SYSTEMPATH\Boot.php(68): CodeIgniter\Boot::runCodeIgniter(Object(CodeIgniter\CodeIgniter))
 9 FCPATH\index.php(59): CodeIgniter\Boot::bootWeb(Object(Config\Paths))
CRITICAL - 2026-02-10 17:18:03 --> ParseError: syntax error, unexpected token "?"
[Method: GET, Route: users]
in APPPATH\Views\users\index.php on line 266.
 1 SYSTEMPATH\View\View.php(229): CodeIgniter\View\View->CodeIgniter\View\{closure}()
 2 SYSTEMPATH\Common.php(1199): CodeIgniter\View\View->render('users/index', [], true)
 3 APPPATH\Controllers\UserController.php(71): view('users/index', [...])
 4 SYSTEMPATH\CodeIgniter.php(933): App\Controllers\UserController->index()
 5 SYSTEMPATH\CodeIgniter.php(507): CodeIgniter\CodeIgniter->runController(Object(App\Controllers\UserController))
 6 SYSTEMPATH\CodeIgniter.php(354): CodeIgniter\CodeIgniter->handleRequest(null, Object(Config\Cache), false)
 7 SYSTEMPATH\Boot.php(363): CodeIgniter\CodeIgniter->run()
 8 SYSTEMPATH\Boot.php(68): CodeIgniter\Boot::runCodeIgniter(Object(CodeIgniter\CodeIgniter))
 9 FCPATH\index.php(59): CodeIgniter\Boot::bootWeb(Object(Config\Paths))
