CRITICAL - 2026-02-09 14:39:07 --> Error: Call to undefined function App\Controllers\esc_like()
[Method: GET, Route: assets/search]
in APPPATH\Controllers\AssetController.php on line 374.
 1 SYSTEMPATH\CodeIgniter.php(933): App\Controllers\AssetController->search()
 2 SYSTEMPATH\CodeIgniter.php(507): CodeIgniter\CodeIgniter->runController(Object(App\Controllers\AssetController))
 3 SYSTEMPATH\CodeIgniter.php(354): CodeIgniter\CodeIgniter->handleRequest(null, Object(Config\Cache), false)
 4 SYSTEMPATH\Boot.php(363): CodeIgniter\CodeIgniter->run()
 5 SYSTEMPATH\Boot.php(68): CodeIgniter\Boot::runCodeIgniter(Object(CodeIgniter\CodeIgniter))
 6 FCPATH\index.php(59): CodeIgniter\Boot::bootWeb(Object(Config\Paths))
CRITICAL - 2026-02-09 14:39:07 --> Error: Call to undefined function App\Controllers\esc_like()
[Method: GET, Route: assets/search]
in APPPATH\Controllers\AssetController.php on line 374.
 1 SYSTEMPATH\CodeIgniter.php(933): App\Controllers\AssetController->search()
 2 SYSTEMPATH\CodeIgniter.php(507): CodeIgniter\CodeIgniter->runController(Object(App\Controllers\AssetController))
 3 SYSTEMPATH\CodeIgniter.php(354): CodeIgniter\CodeIgniter->handleRequest(null, Object(Config\Cache), false)
 4 SYSTEMPATH\Boot.php(363): CodeIgniter\CodeIgniter->run()
 5 SYSTEMPATH\Boot.php(68): CodeIgniter\Boot::runCodeIgniter(Object(CodeIgniter\CodeIgniter))
 6 FCPATH\index.php(59): CodeIgniter\Boot::bootWeb(Object(Config\Paths))
CRITICAL - 2026-02-09 14:39:17 --> Error: Call to undefined function App\Controllers\esc_like()
[Method: GET, Route: assets/search]
in APPPATH\Controllers\AssetController.php on line 374.
 1 SYSTEMPATH\CodeIgniter.php(933): App\Controllers\AssetController->search()
 2 SYSTEMPATH\CodeIgniter.php(507): CodeIgniter\CodeIgniter->runController(Object(App\Controllers\AssetController))
 3 SYSTEMPATH\CodeIgniter.php(354): CodeIgniter\CodeIgniter->handleRequest(null, Object(Config\Cache), false)
 4 SYSTEMPATH\Boot.php(363): CodeIgniter\CodeIgniter->run()
 5 SYSTEMPATH\Boot.php(68): CodeIgniter\Boot::runCodeIgniter(Object(CodeIgniter\CodeIgniter))
 6 FCPATH\index.php(59): CodeIgniter\Boot::bootWeb(Object(Config\Paths))
CRITICAL - 2026-02-09 14:57:13 --> Error: Call to undefined function App\Controllers\esc_like()
[Method: GET, Route: assets/search]
in APPPATH\Controllers\AssetController.php on line 409.
 1 SYSTEMPATH\CodeIgniter.php(933): App\Controllers\AssetController->search()
 2 SYSTEMPATH\CodeIgniter.php(507): CodeIgniter\CodeIgniter->runController(Object(App\Controllers\AssetController))
 3 SYSTEMPATH\CodeIgniter.php(354): CodeIgniter\CodeIgniter->handleRequest(null, Object(Config\Cache), false)
 4 SYSTEMPATH\Boot.php(363): CodeIgniter\CodeIgniter->run()
 5 SYSTEMPATH\Boot.php(68): CodeIgniter\Boot::runCodeIgniter(Object(CodeIgniter\CodeIgniter))
 6 FCPATH\index.php(59): CodeIgniter\Boot::bootWeb(Object(Config\Paths))
CRITICAL - 2026-02-09 14:59:59 --> Error: Call to undefined function App\Controllers\esc_like()
[Method: GET, Route: assets/search]
in APPPATH\Controllers\AssetController.php on line 409.
 1 SYSTEMPATH\CodeIgniter.php(933): App\Controllers\AssetController->search()
 2 SYSTEMPATH\CodeIgniter.php(507): CodeIgniter\CodeIgniter->runController(Object(App\Controllers\AssetController))
 3 SYSTEMPATH\CodeIgniter.php(354): CodeIgniter\CodeIgniter->handleRequest(null, Object(Config\Cache), false)
 4 SYSTEMPATH\Boot.php(363): CodeIgniter\CodeIgniter->run()
 5 SYSTEMPATH\Boot.php(68): CodeIgniter\Boot::runCodeIgniter(Object(CodeIgniter\CodeIgniter))
 6 FCPATH\index.php(59): CodeIgniter\Boot::bootWeb(Object(Config\Paths))
CRITICAL - 2026-02-09 15:00:00 --> Error: Call to undefined function App\Controllers\esc_like()
[Method: GET, Route: assets/search]
in APPPATH\Controllers\AssetController.php on line 409.
 1 SYSTEMPATH\CodeIgniter.php(933): App\Controllers\AssetController->search()
 2 SYSTEMPATH\CodeIgniter.php(507): CodeIgniter\CodeIgniter->runController(Object(App\Controllers\AssetController))
 3 SYSTEMPATH\CodeIgniter.php(354): CodeIgniter\CodeIgniter->handleRequest(null, Object(Config\Cache), false)
 4 SYSTEMPATH\Boot.php(363): CodeIgniter\CodeIgniter->run()
 5 SYSTEMPATH\Boot.php(68): CodeIgniter\Boot::runCodeIgniter(Object(CodeIgniter\CodeIgniter))
 6 FCPATH\index.php(59): CodeIgniter\Boot::bootWeb(Object(Config\Paths))
CRITICAL - 2026-02-09 15:00:01 --> Error: Call to undefined function App\Controllers\esc_like()
[Method: GET, Route: assets/search]
in APPPATH\Controllers\AssetController.php on line 409.
 1 SYSTEMPATH\CodeIgniter.php(933): App\Controllers\AssetController->search()
 2 SYSTEMPATH\CodeIgniter.php(507): CodeIgniter\CodeIgniter->runController(Object(App\Controllers\AssetController))
 3 SYSTEMPATH\CodeIgniter.php(354): CodeIgniter\CodeIgniter->handleRequest(null, Object(Config\Cache), false)
 4 SYSTEMPATH\Boot.php(363): CodeIgniter\CodeIgniter->run()
 5 SYSTEMPATH\Boot.php(68): CodeIgniter\Boot::runCodeIgniter(Object(CodeIgniter\CodeIgniter))
 6 FCPATH\index.php(59): CodeIgniter\Boot::bootWeb(Object(Config\Paths))
CRITICAL - 2026-02-09 15:01:05 --> Error: Call to undefined function App\Controllers\esc_like()
[Method: GET, Route: assets/search]
in APPPATH\Controllers\AssetController.php on line 409.
 1 SYSTEMPATH\CodeIgniter.php(933): App\Controllers\AssetController->search()
 2 SYSTEMPATH\CodeIgniter.php(507): CodeIgniter\CodeIgniter->runController(Object(App\Controllers\AssetController))
 3 SYSTEMPATH\CodeIgniter.php(354): CodeIgniter\CodeIgniter->handleRequest(null, Object(Config\Cache), false)
 4 SYSTEMPATH\Boot.php(363): CodeIgniter\CodeIgniter->run()
 5 SYSTEMPATH\Boot.php(68): CodeIgniter\Boot::runCodeIgniter(Object(CodeIgniter\CodeIgniter))
 6 FCPATH\index.php(59): CodeIgniter\Boot::bootWeb(Object(Config\Paths))
CRITICAL - 2026-02-09 15:01:08 --> Error: Call to undefined function App\Controllers\esc_like()
[Method: GET, Route: assets/search]
in APPPATH\Controllers\AssetController.php on line 409.
 1 SYSTEMPATH\CodeIgniter.php(933): App\Controllers\AssetController->search()
 2 SYSTEMPATH\CodeIgniter.php(507): CodeIgniter\CodeIgniter->runController(Object(App\Controllers\AssetController))
 3 SYSTEMPATH\CodeIgniter.php(354): CodeIgniter\CodeIgniter->handleRequest(null, Object(Config\Cache), false)
 4 SYSTEMPATH\Boot.php(363): CodeIgniter\CodeIgniter->run()
 5 SYSTEMPATH\Boot.php(68): CodeIgniter\Boot::runCodeIgniter(Object(CodeIgniter\CodeIgniter))
 6 FCPATH\index.php(59): CodeIgniter\Boot::bootWeb(Object(Config\Paths))
CRITICAL - 2026-02-09 15:01:15 --> Error: Call to undefined function App\Controllers\esc_like()
[Method: GET, Route: assets/search]
in APPPATH\Controllers\AssetController.php on line 409.
 1 SYSTEMPATH\CodeIgniter.php(933): App\Controllers\AssetController->search()
 2 SYSTEMPATH\CodeIgniter.php(507): CodeIgniter\CodeIgniter->runController(Object(App\Controllers\AssetController))
 3 SYSTEMPATH\CodeIgniter.php(354): CodeIgniter\CodeIgniter->handleRequest(null, Object(Config\Cache), false)
 4 SYSTEMPATH\Boot.php(363): CodeIgniter\CodeIgniter->run()
 5 SYSTEMPATH\Boot.php(68): CodeIgniter\Boot::runCodeIgniter(Object(CodeIgniter\CodeIgniter))
 6 FCPATH\index.php(59): CodeIgniter\Boot::bootWeb(Object(Config\Paths))
CRITICAL - 2026-02-09 15:01:16 --> Error: Call to undefined function App\Controllers\esc_like()
[Method: GET, Route: assets/search]
in APPPATH\Controllers\AssetController.php on line 409.
 1 SYSTEMPATH\CodeIgniter.php(933): App\Controllers\AssetController->search()
 2 SYSTEMPATH\CodeIgniter.php(507): CodeIgniter\CodeIgniter->runController(Object(App\Controllers\AssetController))
 3 SYSTEMPATH\CodeIgniter.php(354): CodeIgniter\CodeIgniter->handleRequest(null, Object(Config\Cache), false)
 4 SYSTEMPATH\Boot.php(363): CodeIgniter\CodeIgniter->run()
 5 SYSTEMPATH\Boot.php(68): CodeIgniter\Boot::runCodeIgniter(Object(CodeIgniter\CodeIgniter))
 6 FCPATH\index.php(59): CodeIgniter\Boot::bootWeb(Object(Config\Paths))
CRITICAL - 2026-02-09 15:01:45 --> Error: Call to undefined function App\Controllers\esc_like()
[Method: GET, Route: assets/search]
in APPPATH\Controllers\AssetController.php on line 409.
 1 SYSTEMPATH\CodeIgniter.php(933): App\Controllers\AssetController->search()
 2 SYSTEMPATH\CodeIgniter.php(507): CodeIgniter\CodeIgniter->runController(Object(App\Controllers\AssetController))
 3 SYSTEMPATH\CodeIgniter.php(354): CodeIgniter\CodeIgniter->handleRequest(null, Object(Config\Cache), false)
 4 SYSTEMPATH\Boot.php(363): CodeIgniter\CodeIgniter->run()
 5 SYSTEMPATH\Boot.php(68): CodeIgniter\Boot::runCodeIgniter(Object(CodeIgniter\CodeIgniter))
 6 FCPATH\index.php(59): CodeIgniter\Boot::bootWeb(Object(Config\Paths))
CRITICAL - 2026-02-09 15:01:47 --> Error: Call to undefined function App\Controllers\esc_like()
[Method: GET, Route: assets/search]
in APPPATH\Controllers\AssetController.php on line 409.
 1 SYSTEMPATH\CodeIgniter.php(933): App\Controllers\AssetController->search()
 2 SYSTEMPATH\CodeIgniter.php(507): CodeIgniter\CodeIgniter->runController(Object(App\Controllers\AssetController))
 3 SYSTEMPATH\CodeIgniter.php(354): CodeIgniter\CodeIgniter->handleRequest(null, Object(Config\Cache), false)
 4 SYSTEMPATH\Boot.php(363): CodeIgniter\CodeIgniter->run()
 5 SYSTEMPATH\Boot.php(68): CodeIgniter\Boot::runCodeIgniter(Object(CodeIgniter\CodeIgniter))
 6 FCPATH\index.php(59): CodeIgniter\Boot::bootWeb(Object(Config\Paths))
CRITICAL - 2026-02-09 15:02:01 --> Error: Call to undefined function App\Controllers\esc_like()
[Method: GET, Route: assets/search]
in APPPATH\Controllers\AssetController.php on line 409.
 1 SYSTEMPATH\CodeIgniter.php(933): App\Controllers\AssetController->search()
 2 SYSTEMPATH\CodeIgniter.php(507): CodeIgniter\CodeIgniter->runController(Object(App\Controllers\AssetController))
 3 SYSTEMPATH\CodeIgniter.php(354): CodeIgniter\CodeIgniter->handleRequest(null, Object(Config\Cache), false)
 4 SYSTEMPATH\Boot.php(363): CodeIgniter\CodeIgniter->run()
 5 SYSTEMPATH\Boot.php(68): CodeIgniter\Boot::runCodeIgniter(Object(CodeIgniter\CodeIgniter))
 6 FCPATH\index.php(59): CodeIgniter\Boot::bootWeb(Object(Config\Paths))
ERROR - 2026-02-09 15:34:08 --> mysqli_sql_exception: Table 'im.asset_notes' doesn't exist in C:\xampp\htdocs\IM\system\Database\MySQLi\Connection.php:327
Stack trace:
#0 C:\xampp\htdocs\IM\system\Database\MySQLi\Connection.php(327): mysqli->query('SELECT `asset_n...', 0)
#1 C:\xampp\htdocs\IM\system\Database\BaseConnection.php(729): CodeIgniter\Database\MySQLi\Connection->execute('SELECT `asset_n...')
#2 C:\xampp\htdocs\IM\system\Database\BaseConnection.php(646): CodeIgniter\Database\BaseConnection->simpleQuery('SELECT `asset_n...')
#3 C:\xampp\htdocs\IM\system\Database\BaseBuilder.php(1649): CodeIgniter\Database\BaseConnection->query('SELECT `asset_n...', Array, false)
#4 C:\xampp\htdocs\IM\system\Model.php(286): CodeIgniter\Database\BaseBuilder->get()
#5 C:\xampp\htdocs\IM\system\BaseModel.php(677): CodeIgniter\Model->doFindAll(0, 0)
#6 C:\xampp\htdocs\IM\app\Models\AssetNote.php(54): CodeIgniter\BaseModel->findAll()
#7 C:\xampp\htdocs\IM\app\Controllers\AssetController.php(347): App\Models\AssetNote->getNotesForAsset('9')
#8 C:\xampp\htdocs\IM\system\CodeIgniter.php(933): App\Controllers\AssetController->details('9')
#9 C:\xampp\htdocs\IM\system\CodeIgniter.php(507): CodeIgniter\CodeIgniter->runController(Object(App\Controllers\AssetController))
#10 C:\xampp\htdocs\IM\system\CodeIgniter.php(354): CodeIgniter\CodeIgniter->handleRequest(NULL, Object(Config\Cache), false)
#11 C:\xampp\htdocs\IM\system\Boot.php(363): CodeIgniter\CodeIgniter->run()
#12 C:\xampp\htdocs\IM\system\Boot.php(68): CodeIgniter\Boot::runCodeIgniter(Object(CodeIgniter\CodeIgniter))
#13 C:\xampp\htdocs\IM\index.php(59): CodeIgniter\Boot::bootWeb(Object(Config\Paths))
#14 {main}
CRITICAL - 2026-02-09 15:34:08 --> CodeIgniter\Database\Exceptions\DatabaseException: Table 'im.asset_notes' doesn't exist
[Method: GET, Route: assets/details/9]
in SYSTEMPATH\Database\BaseConnection.php on line 684.
 1 SYSTEMPATH\Database\BaseBuilder.php(1649): CodeIgniter\Database\BaseConnection->query('SELECT `asset_notes`.*, `users`.`username`, `users`.`email`
FROM `asset_notes`
LEFT JOIN `users` ON `users`.`id` = `asset_notes`.`user_id`
WHERE `asset_notes`.`asset_id` = :asset_notes.asset_id:
ORDER BY `asset_notes`.`created_at` DESC', [...], false)
 2 SYSTEMPATH\Model.php(286): CodeIgniter\Database\BaseBuilder->get()
 3 SYSTEMPATH\BaseModel.php(677): CodeIgniter\Model->doFindAll(0, 0)
 4 APPPATH\Models\AssetNote.php(54): CodeIgniter\BaseModel->findAll()
 5 APPPATH\Controllers\AssetController.php(347): App\Models\AssetNote->getNotesForAsset('9')
 6 SYSTEMPATH\CodeIgniter.php(933): App\Controllers\AssetController->details('9')
 7 SYSTEMPATH\CodeIgniter.php(507): CodeIgniter\CodeIgniter->runController(Object(App\Controllers\AssetController))
 8 SYSTEMPATH\CodeIgniter.php(354): CodeIgniter\CodeIgniter->handleRequest(null, Object(Config\Cache), false)
 9 SYSTEMPATH\Boot.php(363): CodeIgniter\CodeIgniter->run()
10 SYSTEMPATH\Boot.php(68): CodeIgniter\Boot::runCodeIgniter(Object(CodeIgniter\CodeIgniter))
11 FCPATH\index.php(59): CodeIgniter\Boot::bootWeb(Object(Config\Paths))
CRITICAL - 2026-02-09 15:34:08 --> [Caused by] CodeIgniter\Database\Exceptions\DatabaseException: Table 'im.asset_notes' doesn't exist
in SYSTEMPATH\Database\MySQLi\Connection.php on line 332.
 1 SYSTEMPATH\Database\BaseConnection.php(729): CodeIgniter\Database\MySQLi\Connection->execute('SELECT `asset_notes`.*, `users`.`username`, `users`.`email`
FROM `asset_notes`
LEFT JOIN `users` ON `users`.`id` = `asset_notes`.`user_id`
WHERE `asset_notes`.`asset_id` = \'9\'
ORDER BY `asset_notes`.`created_at` DESC')
 2 SYSTEMPATH\Database\BaseConnection.php(646): CodeIgniter\Database\BaseConnection->simpleQuery('SELECT `asset_notes`.*, `users`.`username`, `users`.`email`
FROM `asset_notes`
LEFT JOIN `users` ON `users`.`id` = `asset_notes`.`user_id`
WHERE `asset_notes`.`asset_id` = \'9\'
ORDER BY `asset_notes`.`created_at` DESC')
 3 SYSTEMPATH\Database\BaseBuilder.php(1649): CodeIgniter\Database\BaseConnection->query('SELECT `asset_notes`.*, `users`.`username`, `users`.`email`
FROM `asset_notes`
LEFT JOIN `users` ON `users`.`id` = `asset_notes`.`user_id`
WHERE `asset_notes`.`asset_id` = :asset_notes.asset_id:
ORDER BY `asset_notes`.`created_at` DESC', [...], false)
 4 SYSTEMPATH\Model.php(286): CodeIgniter\Database\BaseBuilder->get()
 5 SYSTEMPATH\BaseModel.php(677): CodeIgniter\Model->doFindAll(0, 0)
 6 APPPATH\Models\AssetNote.php(54): CodeIgniter\BaseModel->findAll()
 7 APPPATH\Controllers\AssetController.php(347): App\Models\AssetNote->getNotesForAsset('9')
 8 SYSTEMPATH\CodeIgniter.php(933): App\Controllers\AssetController->details('9')
 9 SYSTEMPATH\CodeIgniter.php(507): CodeIgniter\CodeIgniter->runController(Object(App\Controllers\AssetController))
10 SYSTEMPATH\CodeIgniter.php(354): CodeIgniter\CodeIgniter->handleRequest(null, Object(Config\Cache), false)
11 SYSTEMPATH\Boot.php(363): CodeIgniter\CodeIgniter->run()
12 SYSTEMPATH\Boot.php(68): CodeIgniter\Boot::runCodeIgniter(Object(CodeIgniter\CodeIgniter))
13 FCPATH\index.php(59): CodeIgniter\Boot::bootWeb(Object(Config\Paths))
CRITICAL - 2026-02-09 15:34:08 --> [Caused by] mysqli_sql_exception: Table 'im.asset_notes' doesn't exist
in SYSTEMPATH\Database\MySQLi\Connection.php on line 327.
 1 SYSTEMPATH\Database\MySQLi\Connection.php(327): mysqli->query('SELECT `asset_notes`.*, `users`.`username`, `users`.`email`
FROM `asset_notes`
LEFT JOIN `users` ON `users`.`id` = `asset_notes`.`user_id`
WHERE `asset_notes`.`asset_id` = \'9\'
ORDER BY `asset_notes`.`created_at` DESC', 0)
 2 SYSTEMPATH\Database\BaseConnection.php(729): CodeIgniter\Database\MySQLi\Connection->execute('SELECT `asset_notes`.*, `users`.`username`, `users`.`email`
FROM `asset_notes`
LEFT JOIN `users` ON `users`.`id` = `asset_notes`.`user_id`
WHERE `asset_notes`.`asset_id` = \'9\'
ORDER BY `asset_notes`.`created_at` DESC')
 3 SYSTEMPATH\Database\BaseConnection.php(646): CodeIgniter\Database\BaseConnection->simpleQuery('SELECT `asset_notes`.*, `users`.`username`, `users`.`email`
FROM `asset_notes`
LEFT JOIN `users` ON `users`.`id` = `asset_notes`.`user_id`
WHERE `asset_notes`.`asset_id` = \'9\'
ORDER BY `asset_notes`.`created_at` DESC')
 4 SYSTEMPATH\Database\BaseBuilder.php(1649): CodeIgniter\Database\BaseConnection->query('SELECT `asset_notes`.*, `users`.`username`, `users`.`email`
FROM `asset_notes`
LEFT JOIN `users` ON `users`.`id` = `asset_notes`.`user_id`
WHERE `asset_notes`.`asset_id` = :asset_notes.asset_id:
ORDER BY `asset_notes`.`created_at` DESC', [...], false)
 5 SYSTEMPATH\Model.php(286): CodeIgniter\Database\BaseBuilder->get()
 6 SYSTEMPATH\BaseModel.php(677): CodeIgniter\Model->doFindAll(0, 0)
 7 APPPATH\Models\AssetNote.php(54): CodeIgniter\BaseModel->findAll()
 8 APPPATH\Controllers\AssetController.php(347): App\Models\AssetNote->getNotesForAsset('9')
 9 SYSTEMPATH\CodeIgniter.php(933): App\Controllers\AssetController->details('9')
10 SYSTEMPATH\CodeIgniter.php(507): CodeIgniter\CodeIgniter->runController(Object(App\Controllers\AssetController))
11 SYSTEMPATH\CodeIgniter.php(354): CodeIgniter\CodeIgniter->handleRequest(null, Object(Config\Cache), false)
12 SYSTEMPATH\Boot.php(363): CodeIgniter\CodeIgniter->run()
13 SYSTEMPATH\Boot.php(68): CodeIgniter\Boot::runCodeIgniter(Object(CodeIgniter\CodeIgniter))
14 FCPATH\index.php(59): CodeIgniter\Boot::bootWeb(Object(Config\Paths))
ERROR - 2026-02-09 17:25:14 --> mysqli_sql_exception: Table 'users' already exists in C:\xampp\htdocs\IM\system\Database\MySQLi\Connection.php:327
Stack trace:
#0 C:\xampp\htdocs\IM\system\Database\MySQLi\Connection.php(327): mysqli->query('CREATE TABLE `u...', 0)
#1 C:\xampp\htdocs\IM\system\Database\BaseConnection.php(729): CodeIgniter\Database\MySQLi\Connection->execute('CREATE TABLE `u...')
#2 C:\xampp\htdocs\IM\system\Database\BaseConnection.php(646): CodeIgniter\Database\BaseConnection->simpleQuery('CREATE TABLE `u...')
#3 C:\xampp\htdocs\IM\system\Database\Forge.php(570): CodeIgniter\Database\BaseConnection->query('CREATE TABLE `u...')
#4 C:\xampp\htdocs\IM\app\Database\Migrations\2026-01-19-201010_CreateUserTable.php(48): CodeIgniter\Database\Forge->createTable('users')
#5 C:\xampp\htdocs\IM\system\Database\MigrationRunner.php(874): App\Database\Migrations\CreateUserTable->up()
#6 C:\xampp\htdocs\IM\system\Database\MigrationRunner.php(180): CodeIgniter\Database\MigrationRunner->migrate('up', Object(stdClass))
#7 C:\xampp\htdocs\IM\system\Commands\Database\Migrate.php(85): CodeIgniter\Database\MigrationRunner->latest(NULL)
#8 C:\xampp\htdocs\IM\system\CLI\Commands.php(74): CodeIgniter\Commands\Database\Migrate->run(Array)
#9 C:\xampp\htdocs\IM\system\CLI\Console.php(47): CodeIgniter\CLI\Commands->run('migrate', Array)
#10 C:\xampp\htdocs\IM\system\Boot.php(388): CodeIgniter\CLI\Console->run()
#11 C:\xampp\htdocs\IM\system\Boot.php(133): CodeIgniter\Boot::runCommand(Object(CodeIgniter\CLI\Console))
#12 C:\xampp\htdocs\IM\spark(87): CodeIgniter\Boot::bootSpark(Object(Config\Paths))
#13 {main}
